============================= test session starts ==============================
platform linux -- Python 3.12.13, pytest-9.0.3, pluggy-1.6.0
rootdir: /app
plugins: asyncio-1.4.0, anyio-4.13.0
asyncio: mode=Mode.STRICT, debug=False, asyncio_default_fixture_loop_scope=None, asyncio_default_test_loop_scope=function
collected 4 items

tests/test_cancellation.py ..F.                                          [100%]

=================================== FAILURES ===================================
_________________________ test_reinitiate_cancelled_pr _________________________

db_session = <sqlalchemy.ext.asyncio.session.AsyncSession object at 0xffff8d9140e0>

    @pytest.mark.asyncio
    async def test_reinitiate_cancelled_pr(db_session):
        """Test successful re-initiation of a cancelled PR: copies items, metadata, links parent_pr_id and locks budget."""
        db_session.commit = db_session.flush
    
        fac_res = await db_session.execute(select(User).where(User.email == "faculty.cse@nitt.edu"))
        faculty = fac_res.scalar_one()
    
        bm_res = await db_session.execute(select(BudgetMaster).limit(1))
        budget_master = bm_res.scalar_one()
        initial_locked = budget_master.locked_amount
    
        # Create cancelled PR
        pr = PurchaseRequest(
            amount=120000.0,
            purchase_type="department",
            initiator_id=faculty.id,
            category_id=2,
            financial_year_id=1,
            procurement_id=1,
            current_status=RequestStatus.CANCELLED,
            basis_of_estimate_details="Direct OEM Quotation",
            delivery_mode="speed post",
            delivery_location="CSE Department Store",
            form_data={"invited_vendors": "OEM, VendorA"},
        )
        db_session.add(pr)
        await db_session.flush()
    
        item = PurchaseRequestItem(
            purchase_request_id=pr.id,
            item_description="Cloned Item",
            quantity=1,
            estimated_total=120000.0,
            budget_file_id=budget_master.id,
            requirement_type="temp",
            availability="no",
            site_readiness=True,
        )
        db_session.add(item)
        await db_session.flush()
    
        # Mock background tasks
        class MockBackgroundTasks:
            def add_task(self, func, *args, **kwargs):
                pass
        bg_tasks = MockBackgroundTasks()
    
        # Re-initiate
>       res = await reinitiate_pr(pr.id, bg_tasks, db_session, user=faculty)
              ^^^^^^^^^^^^^^^^^^^^^^^^^^^^^^^^^^^^^^^^^^^^^^^^^^^^^^^^^^^^^^

tests/test_cancellation.py:212: 
_ _ _ _ _ _ _ _ _ _ _ _ _ _ _ _ _ _ _ _ _ _ _ _ _ _ _ _ _ _ _ _ _ _ _ _ _ _ _ _ 
app/routers/purchase_requests.py:2030: in reinitiate_pr
    await flow_engine.initialize(new_pr, pr.initiator)
_ _ _ _ _ _ _ _ _ _ _ _ _ _ _ _ _ _ _ _ _ _ _ _ _ _ _ _ _ _ _ _ _ _ _ _ _ _ _ _ 

self = <app.services.flow_engine.FlowEngineService object at 0xffff8d9012e0>
pr = <app.models.purchase_request.PurchaseRequest object at 0xffff8d9023f0>
initiator = <app.models.user.User object at 0xffff8d74b0b0>

    async def initialize(self, pr: PurchaseRequest, initiator: User) -> None:
        """Called when PR is first submitted. Locks budget and creates flow step 1."""
        from app.services.budget_service import BudgetService
        budget_svc = BudgetService(self.db)
        await budget_svc.lock_amount(pr)
    
        # Populate committee from budget file nominees if present, else fallback to department
        budget_file = None
        await self.db.refresh(pr, ["items"])
        if pr.items:
            budget_file_id = pr.items[0].budget_file_id
            if budget_file_id:
>               budget_res = await self.db.execute(select(BudgetMaster).where(BudgetMaster.id == budget_file_id))
                                                          ^^^^^^^^^^^^
E               NameError: name 'BudgetMaster' is not defined

app/services/flow_engine.py:315: NameError
----------------------------- Captured stdout call -----------------------------
2026-06-02 11:23:40,738 INFO sqlalchemy.engine.Engine BEGIN (implicit)
2026-06-02 11:23:40,738 INFO sqlalchemy.engine.Engine SELECT users.id, users.name, users.email, users.hashed_password, users.designation, users.gender, users.role_id, users.department_id, users.is_active, users.signature_path, users.is_approved, users.last_login_at, users.created_at 
FROM users 
WHERE users.email = $1::VARCHAR
2026-06-02 11:23:40,738 INFO sqlalchemy.engine.Engine [cached since 0.07793s ago] ('faculty.cse@nitt.edu',)
2026-06-02 11:23:40,739 INFO sqlalchemy.engine.Engine SELECT budget_master.id, budget_master.department_id, budget_master.financial_year_id, budget_master.expenditure_category, budget_master.item_name, budget_master.category, budget_master.course_code, budget_master.unit_cost, budget_master.quantity, budget_master.total_cost, budget_master.file_no, budget_master.is_revision, budget_master.locked_amount, budget_master.deducted_amount, budget_master.created_at, budget_master.expert1_id, budget_master.expert2_id, budget_master.director_faculty_id 
FROM budget_master 
 LIMIT $1::INTEGER
2026-06-02 11:23:40,739 INFO sqlalchemy.engine.Engine [cached since 0.07721s ago] (1,)
2026-06-02 11:23:40,741 INFO sqlalchemy.engine.Engine INSERT INTO purchase_requests (icr_number, category_id, financial_year_id, initiator_id, nominee_id, procurement_id, purchase_type, current_status, amount, emd, performance_security, vendor_list_link, is_item_split, item_split_justification, is_quantity_split, quantity_split_details, is_service_center_in_south, service_center_south_desc, basis_of_estimate_details, delivery_mode, delivery_location, exemption, exemption_remarks, is_training_required, training_type, training_vendor, training_comments, tender_reference_number, date_of_tender, date_of_tech_bid_opening, date_of_financial_bid_opening, aa_approved_at, te_initiated_at, te_approved_at, fs_initiated_at, fs_approved_at, po_initiated_at, po_approved_at, faculty1_id, faculty2_id, faculty3_id, aa_approver_id, form_data, parent_pr_id, lpc_remarks, lpc_committee_members, lpc_minutes_reference, single_bid_justification, created_at) VALUES ($1::VARCHAR, $2::INTEGER, $3::INTEGER, $4::INTEGER, $5::INTEGER, $6::INTEGER, $7::VARCHAR, $8::VARCHAR, $9::FLOAT, $10::FLOAT, $11::FLOAT, $12::VARCHAR, $13::BOOLEAN, $14::VARCHAR, $15::BOOLEAN, $16::VARCHAR, $17::BOOLEAN, $18::VARCHAR, $19::VARCHAR, $20::VARCHAR, $21::VARCHAR, $22::BOOLEAN, $23::VARCHAR, $24::BOOLEAN, $25::VARCHAR, $26::VARCHAR, $27::VARCHAR, $28::VARCHAR, $29::DATE, $30::DATE, $31::DATE, $32::TIMESTAMP WITHOUT TIME ZONE, $33::TIMESTAMP WITHOUT TIME ZONE, $34::TIMESTAMP WITHOUT TIME ZONE, $35::TIMESTAMP WITHOUT TIME ZONE, $36::TIMESTAMP WITHOUT TIME ZONE, $37::TIMESTAMP WITHOUT TIME ZONE, $38::TIMESTAMP WITHOUT TIME ZONE, $39::INTEGER, $40::INTEGER, $41::INTEGER, $42::INTEGER, $43::JSON, $44::INTEGER, $45::VARCHAR, $46::VARCHAR, $47::VARCHAR, $48::VARCHAR, now()) RETURNING purchase_requests.id, purchase_requests.created_at
2026-06-02 11:23:40,741 INFO sqlalchemy.engine.Engine [generated in 0.00013s] (None, 2, 1, 2, None, 1, 'department', <RequestStatus.CANCELLED: 'cancelled'>, 120000.0, 0.0, 0.0, None, False, None, False, None, False, None, 'Direct OEM Quotation', 'speed post', 'CSE Department Store', False, None, False, None, None, None, None, None, None, None, None, None, None, None, None, None, None, None, None, None, None, '{"invited_vendors": "OEM, VendorA"}', None, None, None, None, None)
2026-06-02 11:23:40,743 INFO sqlalchemy.engine.Engine INSERT INTO purchase_request_items (purchase_request_id, budget_file_id, item_description, quantity, estimated_total, charges, requirement_type, availability, availability_remarks, site_readiness, site_readiness_remarks, warranty, delivery_period, present_stock, justification_for_procurement, previous_file_no_reference, installation_required, tech_specs_text, gem_link) VALUES ($1::INTEGER, $2::INTEGER, $3::VARCHAR, $4::INTEGER, $5::FLOAT, $6::FLOAT, $7::VARCHAR, $8::VARCHAR, $9::VARCHAR, $10::BOOLEAN, $11::VARCHAR, $12::FLOAT, $13::FLOAT, $14::VARCHAR, $15::VARCHAR, $16::VARCHAR, $17::BOOLEAN, $18::VARCHAR, $19::VARCHAR) RETURNING purchase_request_items.id
2026-06-02 11:23:40,743 INFO sqlalchemy.engine.Engine [cached since 0.07483s ago] (3, 1, 'Cloned Item', 1, 120000.0, None, 'temp', 'no', None, True, None, None, None, None, None, None, False, None, None)
2026-06-02 11:23:40,768 INFO sqlalchemy.engine.Engine SELECT purchase_requests.id, purchase_requests.icr_number, purchase_requests.category_id, purchase_requests.financial_year_id, purchase_requests.initiator_id, purchase_requests.nominee_id, purchase_requests.procurement_id, purchase_requests.purchase_type, purchase_requests.current_status, purchase_requests.amount, purchase_requests.emd, purchase_requests.performance_security, purchase_requests.vendor_list_link, purchase_requests.is_item_split, purchase_requests.item_split_justification, purchase_requests.is_quantity_split, purchase_requests.quantity_split_details, purchase_requests.is_service_center_in_south, purchase_requests.service_center_south_desc, purchase_requests.basis_of_estimate_details, purchase_requests.delivery_mode, purchase_requests.delivery_location, purchase_requests.exemption, purchase_requests.exemption_remarks, purchase_requests.is_training_required, purchase_requests.training_type, purchase_requests.training_vendor, purchase_requests.training_comments, purchase_requests.tender_reference_number, purchase_requests.date_of_tender, purchase_requests.date_of_tech_bid_opening, purchase_requests.date_of_financial_bid_opening, purchase_requests.aa_approved_at, purchase_requests.te_initiated_at, purchase_requests.te_approved_at, purchase_requests.fs_initiated_at, purchase_requests.fs_approved_at, purchase_requests.po_initiated_at, purchase_requests.po_approved_at, purchase_requests.faculty1_id, purchase_requests.faculty2_id, purchase_requests.faculty3_id, purchase_requests.aa_approver_id, purchase_requests.form_data, purchase_requests.parent_pr_id, purchase_requests.lpc_remarks, purchase_requests.lpc_committee_members, purchase_requests.lpc_minutes_reference, purchase_requests.single_bid_justification, purchase_requests.created_at 
FROM purchase_requests 
WHERE purchase_requests.id = $1::INTEGER
2026-06-02 11:23:40,769 INFO sqlalchemy.engine.Engine [generated in 0.00012s] (3,)
2026-06-02 11:23:40,770 INFO sqlalchemy.engine.Engine SELECT purchase_request_items.purchase_request_id AS purchase_request_items_purchase_request_id, purchase_request_items.id AS purchase_request_items_id, purchase_request_items.budget_file_id AS purchase_request_items_budget_file_id, purchase_request_items.item_description AS purchase_request_items_item_description, purchase_request_items.quantity AS purchase_request_items_quantity, purchase_request_items.estimated_total AS purchase_request_items_estimated_total, purchase_request_items.charges AS purchase_request_items_charges, purchase_request_items.requirement_type AS purchase_request_items_requirement_type, purchase_request_items.availability AS purchase_request_items_availability, purchase_request_items.availability_remarks AS purchase_request_items_availability_remarks, purchase_request_items.site_readiness AS purchase_request_items_site_readiness, purchase_request_items.site_readiness_remarks AS purchase_request_items_site_readiness_remarks, purchase_request_items.warranty AS purchase_request_items_warranty, purchase_request_items.delivery_period AS purchase_request_items_delivery_period, purchase_request_items.present_stock AS purchase_request_items_present_stock, purchase_request_items.justification_for_procurement AS purchase_request_items_justification_for_procurement, purchase_request_items.previous_file_no_reference AS purchase_request_items_previous_file_no_reference, purchase_request_items.installation_required AS purchase_request_items_installation_required, purchase_request_items.tech_specs_text AS purchase_request_items_tech_specs_text, purchase_request_items.gem_link AS purchase_request_items_gem_link 
FROM purchase_request_items 
WHERE purchase_request_items.purchase_request_id IN ($1::INTEGER)
2026-06-02 11:23:40,770 INFO sqlalchemy.engine.Engine [generated in 0.00010s] (3,)
2026-06-02 11:23:40,771 INFO sqlalchemy.engine.Engine SELECT users.id AS users_id, users.name AS users_name, users.email AS users_email, users.hashed_password AS users_hashed_password, users.designation AS users_designation, users.gender AS users_gender, users.role_id AS users_role_id, users.department_id AS users_department_id, users.is_active AS users_is_active, users.signature_path AS users_signature_path, users.is_approved AS users_is_approved, users.last_login_at AS users_last_login_at, users.created_at AS users_created_at 
FROM users 
WHERE users.id IN ($1::INTEGER)
2026-06-02 11:23:40,771 INFO sqlalchemy.engine.Engine [generated in 0.00016s] (2,)
2026-06-02 11:23:40,772 INFO sqlalchemy.engine.Engine SELECT users.id 
FROM users 
WHERE users.id = $1::INTEGER
2026-06-02 11:23:40,772 INFO sqlalchemy.engine.Engine [cached since 0.09593s ago] (2,)
2026-06-02 11:23:40,772 INFO sqlalchemy.engine.Engine SELECT role_managers.id AS role_managers_id, role_managers.name AS role_managers_name, role_managers.value AS role_managers_value, role_managers.group_key AS role_managers_group_key 
FROM role_managers 
WHERE role_managers.id = $1::INTEGER
2026-06-02 11:23:40,772 INFO sqlalchemy.engine.Engine [cached since 0.09556s ago] (1,)
2026-06-02 11:23:40,774 INFO sqlalchemy.engine.Engine INSERT INTO purchase_requests (icr_number, category_id, financial_year_id, initiator_id, nominee_id, procurement_id, purchase_type, current_status, amount, emd, performance_security, vendor_list_link, is_item_split, item_split_justification, is_quantity_split, quantity_split_details, is_service_center_in_south, service_center_south_desc, basis_of_estimate_details, delivery_mode, delivery_location, exemption, exemption_remarks, is_training_required, training_type, training_vendor, training_comments, tender_reference_number, date_of_tender, date_of_tech_bid_opening, date_of_financial_bid_opening, aa_approved_at, te_initiated_at, te_approved_at, fs_initiated_at, fs_approved_at, po_initiated_at, po_approved_at, faculty1_id, faculty2_id, faculty3_id, aa_approver_id, form_data, parent_pr_id, lpc_remarks, lpc_committee_members, lpc_minutes_reference, single_bid_justification, created_at) VALUES ($1::VARCHAR, $2::INTEGER, $3::INTEGER, $4::INTEGER, $5::INTEGER, $6::INTEGER, $7::VARCHAR, $8::VARCHAR, $9::FLOAT, $10::FLOAT, $11::FLOAT, $12::VARCHAR, $13::BOOLEAN, $14::VARCHAR, $15::BOOLEAN, $16::VARCHAR, $17::BOOLEAN, $18::VARCHAR, $19::VARCHAR, $20::VARCHAR, $21::VARCHAR, $22::BOOLEAN, $23::VARCHAR, $24::BOOLEAN, $25::VARCHAR, $26::VARCHAR, $27::VARCHAR, $28::VARCHAR, $29::DATE, $30::DATE, $31::DATE, $32::TIMESTAMP WITHOUT TIME ZONE, $33::TIMESTAMP WITHOUT TIME ZONE, $34::TIMESTAMP WITHOUT TIME ZONE, $35::TIMESTAMP WITHOUT TIME ZONE, $36::TIMESTAMP WITHOUT TIME ZONE, $37::TIMESTAMP WITHOUT TIME ZONE, $38::TIMESTAMP WITHOUT TIME ZONE, $39::INTEGER, $40::INTEGER, $41::INTEGER, $42::INTEGER, $43::JSON, $44::INTEGER, $45::VARCHAR, $46::VARCHAR, $47::VARCHAR, $48::VARCHAR, now()) RETURNING purchase_requests.id, purchase_requests.created_at
2026-06-02 11:23:40,774 INFO sqlalchemy.engine.Engine [generated in 0.00013s] (None, 2, 1, 2, None, 1, 'department', <RequestStatus.PR_SUBMITTED: 'pr_submitted'>, 120000.0, 0.0, 0.0, None, False, None, False, None, False, None, 'Direct OEM Quotation', 'speed post', 'CSE Department Store', False, None, False, None, None, None, None, None, None, None, None, None, None, None, None, None, None, None, None, None, None, '{"invited_vendors": "OEM, VendorA"}', 3, None, None, None, None)
2026-06-02 11:23:40,774 INFO sqlalchemy.engine.Engine INSERT INTO purchase_request_items (purchase_request_id, budget_file_id, item_description, quantity, estimated_total, charges, requirement_type, availability, availability_remarks, site_readiness, site_readiness_remarks, warranty, delivery_period, present_stock, justification_for_procurement, previous_file_no_reference, installation_required, tech_specs_text, gem_link) VALUES ($1::INTEGER, $2::INTEGER, $3::VARCHAR, $4::INTEGER, $5::FLOAT, $6::FLOAT, $7::VARCHAR, $8::VARCHAR, $9::VARCHAR, $10::BOOLEAN, $11::VARCHAR, $12::FLOAT, $13::FLOAT, $14::VARCHAR, $15::VARCHAR, $16::VARCHAR, $17::BOOLEAN, $18::VARCHAR, $19::VARCHAR) RETURNING purchase_request_items.id
2026-06-02 11:23:40,774 INFO sqlalchemy.engine.Engine [generated in 0.00007s] (4, 1, 'Cloned Item', 1, 120000.0, None, 'temp', 'no', None, True, None, None, None, None, None, None, False, None, None)
2026-06-02 11:23:40,775 INFO sqlalchemy.engine.Engine SELECT documents.id, documents.purchase_request_id, documents.doc_key, documents.doc_value, documents.uploaded_by_id, documents.updated_at 
FROM documents 
WHERE documents.purchase_request_id = $1::INTEGER
2026-06-02 11:23:40,775 INFO sqlalchemy.engine.Engine [generated in 0.00005s] (3,)
2026-06-02 11:23:40,776 INFO sqlalchemy.engine.Engine SELECT financial_years.id, financial_years.label, financial_years.start_date, financial_years.end_date, financial_years.is_active 
FROM financial_years 
WHERE financial_years.id = $1::INTEGER
2026-06-02 11:23:40,776 INFO sqlalchemy.engine.Engine [generated in 0.00005s] (1,)
2026-06-02 11:23:40,776 INFO sqlalchemy.engine.Engine SELECT users.id 
FROM users 
WHERE users.id = $1::INTEGER
2026-06-02 11:23:40,776 INFO sqlalchemy.engine.Engine [generated in 0.00005s] (2,)
2026-06-02 11:23:40,777 INFO sqlalchemy.engine.Engine SELECT departments.id AS departments_id, departments.name AS departments_name, departments.short_code AS departments_short_code, departments.expert1_id AS departments_expert1_id, departments.expert2_id AS departments_expert2_id, departments.director_faculty_id AS departments_director_faculty_id 
FROM departments 
WHERE departments.id = $1::INTEGER
2026-06-02 11:23:40,777 INFO sqlalchemy.engine.Engine [generated in 0.00005s] (1,)
2026-06-02 11:23:40,778 INFO sqlalchemy.engine.Engine UPDATE purchase_requests SET icr_number=$1::VARCHAR WHERE purchase_requests.id = $2::INTEGER
2026-06-02 11:23:40,778 INFO sqlalchemy.engine.Engine [generated in 0.00006s] ('ICR/S&P/2026-27/CSE/4', 4)
2026-06-02 11:23:40,778 INFO sqlalchemy.engine.Engine SELECT purchase_request_items.id, purchase_request_items.purchase_request_id, purchase_request_items.budget_file_id, purchase_request_items.item_description, purchase_request_items.quantity, purchase_request_items.estimated_total, purchase_request_items.charges, purchase_request_items.requirement_type, purchase_request_items.availability, purchase_request_items.availability_remarks, purchase_request_items.site_readiness, purchase_request_items.site_readiness_remarks, purchase_request_items.warranty, purchase_request_items.delivery_period, purchase_request_items.present_stock, purchase_request_items.justification_for_procurement, purchase_request_items.previous_file_no_reference, purchase_request_items.installation_required, purchase_request_items.tech_specs_text, purchase_request_items.gem_link 
FROM purchase_request_items 
WHERE purchase_request_items.purchase_request_id = $1::INTEGER
2026-06-02 11:23:40,778 INFO sqlalchemy.engine.Engine [cached since 0.1078s ago] (4,)
2026-06-02 11:23:40,779 INFO sqlalchemy.engine.Engine UPDATE budget_master SET locked_amount=(budget_master.locked_amount + $1::FLOAT) WHERE budget_master.id = $2::INTEGER
2026-06-02 11:23:40,779 INFO sqlalchemy.engine.Engine [cached since 0.1068s ago] (120000.0, 1)
2026-06-02 11:23:40,779 INFO sqlalchemy.engine.Engine SELECT purchase_requests.id 
FROM purchase_requests 
WHERE purchase_requests.id = $1::INTEGER
2026-06-02 11:23:40,780 INFO sqlalchemy.engine.Engine [generated in 0.00005s] (4,)
2026-06-02 11:23:40,780 INFO sqlalchemy.engine.Engine SELECT purchase_request_items.id AS purchase_request_items_id, purchase_request_items.purchase_request_id AS purchase_request_items_purchase_request_id, purchase_request_items.budget_file_id AS purchase_request_items_budget_file_id, purchase_request_items.item_description AS purchase_request_items_item_description, purchase_request_items.quantity AS purchase_request_items_quantity, purchase_request_items.estimated_total AS purchase_request_items_estimated_total, purchase_request_items.charges AS purchase_request_items_charges, purchase_request_items.requirement_type AS purchase_request_items_requirement_type, purchase_request_items.availability AS purchase_request_items_availability, purchase_request_items.availability_remarks AS purchase_request_items_availability_remarks, purchase_request_items.site_readiness AS purchase_request_items_site_readiness, purchase_request_items.site_readiness_remarks AS purchase_request_items_site_readiness_remarks, purchase_request_items.warranty AS purchase_request_items_warranty, purchase_request_items.delivery_period AS purchase_request_items_delivery_period, purchase_request_items.present_stock AS purchase_request_items_present_stock, purchase_request_items.justification_for_procurement AS purchase_request_items_justification_for_procurement, purchase_request_items.previous_file_no_reference AS purchase_request_items_previous_file_no_reference, purchase_request_items.installation_required AS purchase_request_items_installation_required, purchase_request_items.tech_specs_text AS purchase_request_items_tech_specs_text, purchase_request_items.gem_link AS purchase_request_items_gem_link 
FROM purchase_request_items 
WHERE $1::INTEGER = purchase_request_items.purchase_request_id
2026-06-02 11:23:40,780 INFO sqlalchemy.engine.Engine [generated in 0.00005s] (4,)
------------------------------ Captured log call -------------------------------
INFO     sqlalchemy.engine.Engine:base.py:2701 BEGIN (implicit)
INFO     sqlalchemy.engine.Engine:base.py:1846 SELECT users.id, users.name, users.email, users.hashed_password, users.designation, users.gender, users.role_id, users.department_id, users.is_active, users.signature_path, users.is_approved, users.last_login_at, users.created_at 
FROM users 
WHERE users.email = $1::VARCHAR
INFO     sqlalchemy.engine.Engine:base.py:1846 [cached since 0.07793s ago] ('faculty.cse@nitt.edu',)
INFO     sqlalchemy.engine.Engine:base.py:1846 SELECT budget_master.id, budget_master.department_id, budget_master.financial_year_id, budget_master.expenditure_category, budget_master.item_name, budget_master.category, budget_master.course_code, budget_master.unit_cost, budget_master.quantity, budget_master.total_cost, budget_master.file_no, budget_master.is_revision, budget_master.locked_amount, budget_master.deducted_amount, budget_master.created_at, budget_master.expert1_id, budget_master.expert2_id, budget_master.director_faculty_id 
FROM budget_master 
 LIMIT $1::INTEGER
INFO     sqlalchemy.engine.Engine:base.py:1846 [cached since 0.07721s ago] (1,)
INFO     sqlalchemy.engine.Engine:base.py:1846 INSERT INTO purchase_requests (icr_number, category_id, financial_year_id, initiator_id, nominee_id, procurement_id, purchase_type, current_status, amount, emd, performance_security, vendor_list_link, is_item_split, item_split_justification, is_quantity_split, quantity_split_details, is_service_center_in_south, service_center_south_desc, basis_of_estimate_details, delivery_mode, delivery_location, exemption, exemption_remarks, is_training_required, training_type, training_vendor, training_comments, tender_reference_number, date_of_tender, date_of_tech_bid_opening, date_of_financial_bid_opening, aa_approved_at, te_initiated_at, te_approved_at, fs_initiated_at, fs_approved_at, po_initiated_at, po_approved_at, faculty1_id, faculty2_id, faculty3_id, aa_approver_id, form_data, parent_pr_id, lpc_remarks, lpc_committee_members, lpc_minutes_reference, single_bid_justification, created_at) VALUES ($1::VARCHAR, $2::INTEGER, $3::INTEGER, $4::INTEGER, $5::INTEGER, $6::INTEGER, $7::VARCHAR, $8::VARCHAR, $9::FLOAT, $10::FLOAT, $11::FLOAT, $12::VARCHAR, $13::BOOLEAN, $14::VARCHAR, $15::BOOLEAN, $16::VARCHAR, $17::BOOLEAN, $18::VARCHAR, $19::VARCHAR, $20::VARCHAR, $21::VARCHAR, $22::BOOLEAN, $23::VARCHAR, $24::BOOLEAN, $25::VARCHAR, $26::VARCHAR, $27::VARCHAR, $28::VARCHAR, $29::DATE, $30::DATE, $31::DATE, $32::TIMESTAMP WITHOUT TIME ZONE, $33::TIMESTAMP WITHOUT TIME ZONE, $34::TIMESTAMP WITHOUT TIME ZONE, $35::TIMESTAMP WITHOUT TIME ZONE, $36::TIMESTAMP WITHOUT TIME ZONE, $37::TIMESTAMP WITHOUT TIME ZONE, $38::TIMESTAMP WITHOUT TIME ZONE, $39::INTEGER, $40::INTEGER, $41::INTEGER, $42::INTEGER, $43::JSON, $44::INTEGER, $45::VARCHAR, $46::VARCHAR, $47::VARCHAR, $48::VARCHAR, now()) RETURNING purchase_requests.id, purchase_requests.created_at
INFO     sqlalchemy.engine.Engine:base.py:1846 [generated in 0.00013s] (None, 2, 1, 2, None, 1, 'department', <RequestStatus.CANCELLED: 'cancelled'>, 120000.0, 0.0, 0.0, None, False, None, False, None, False, None, 'Direct OEM Quotation', 'speed post', 'CSE Department Store', False, None, False, None, None, None, None, None, None, None, None, None, None, None, None, None, None, None, None, None, None, '{"invited_vendors": "OEM, VendorA"}', None, None, None, None, None)
INFO     sqlalchemy.engine.Engine:base.py:1846 INSERT INTO purchase_request_items (purchase_request_id, budget_file_id, item_description, quantity, estimated_total, charges, requirement_type, availability, availability_remarks, site_readiness, site_readiness_remarks, warranty, delivery_period, present_stock, justification_for_procurement, previous_file_no_reference, installation_required, tech_specs_text, gem_link) VALUES ($1::INTEGER, $2::INTEGER, $3::VARCHAR, $4::INTEGER, $5::FLOAT, $6::FLOAT, $7::VARCHAR, $8::VARCHAR, $9::VARCHAR, $10::BOOLEAN, $11::VARCHAR, $12::FLOAT, $13::FLOAT, $14::VARCHAR, $15::VARCHAR, $16::VARCHAR, $17::BOOLEAN, $18::VARCHAR, $19::VARCHAR) RETURNING purchase_request_items.id
INFO     sqlalchemy.engine.Engine:base.py:1846 [cached since 0.07483s ago] (3, 1, 'Cloned Item', 1, 120000.0, None, 'temp', 'no', None, True, None, None, None, None, None, None, False, None, None)
INFO     sqlalchemy.engine.Engine:base.py:1846 SELECT purchase_requests.id, purchase_requests.icr_number, purchase_requests.category_id, purchase_requests.financial_year_id, purchase_requests.initiator_id, purchase_requests.nominee_id, purchase_requests.procurement_id, purchase_requests.purchase_type, purchase_requests.current_status, purchase_requests.amount, purchase_requests.emd, purchase_requests.performance_security, purchase_requests.vendor_list_link, purchase_requests.is_item_split, purchase_requests.item_split_justification, purchase_requests.is_quantity_split, purchase_requests.quantity_split_details, purchase_requests.is_service_center_in_south, purchase_requests.service_center_south_desc, purchase_requests.basis_of_estimate_details, purchase_requests.delivery_mode, purchase_requests.delivery_location, purchase_requests.exemption, purchase_requests.exemption_remarks, purchase_requests.is_training_required, purchase_requests.training_type, purchase_requests.training_vendor, purchase_requests.training_comments, purchase_requests.tender_reference_number, purchase_requests.date_of_tender, purchase_requests.date_of_tech_bid_opening, purchase_requests.date_of_financial_bid_opening, purchase_requests.aa_approved_at, purchase_requests.te_initiated_at, purchase_requests.te_approved_at, purchase_requests.fs_initiated_at, purchase_requests.fs_approved_at, purchase_requests.po_initiated_at, purchase_requests.po_approved_at, purchase_requests.faculty1_id, purchase_requests.faculty2_id, purchase_requests.faculty3_id, purchase_requests.aa_approver_id, purchase_requests.form_data, purchase_requests.parent_pr_id, purchase_requests.lpc_remarks, purchase_requests.lpc_committee_members, purchase_requests.lpc_minutes_reference, purchase_requests.single_bid_justification, purchase_requests.created_at 
FROM purchase_requests 
WHERE purchase_requests.id = $1::INTEGER
INFO     sqlalchemy.engine.Engine:base.py:1846 [generated in 0.00012s] (3,)
INFO     sqlalchemy.engine.Engine:base.py:1846 SELECT purchase_request_items.purchase_request_id AS purchase_request_items_purchase_request_id, purchase_request_items.id AS purchase_request_items_id, purchase_request_items.budget_file_id AS purchase_request_items_budget_file_id, purchase_request_items.item_description AS purchase_request_items_item_description, purchase_request_items.quantity AS purchase_request_items_quantity, purchase_request_items.estimated_total AS purchase_request_items_estimated_total, purchase_request_items.charges AS purchase_request_items_charges, purchase_request_items.requirement_type AS purchase_request_items_requirement_type, purchase_request_items.availability AS purchase_request_items_availability, purchase_request_items.availability_remarks AS purchase_request_items_availability_remarks, purchase_request_items.site_readiness AS purchase_request_items_site_readiness, purchase_request_items.site_readiness_remarks AS purchase_request_items_site_readiness_remarks, purchase_request_items.warranty AS purchase_request_items_warranty, purchase_request_items.delivery_period AS purchase_request_items_delivery_period, purchase_request_items.present_stock AS purchase_request_items_present_stock, purchase_request_items.justification_for_procurement AS purchase_request_items_justification_for_procurement, purchase_request_items.previous_file_no_reference AS purchase_request_items_previous_file_no_reference, purchase_request_items.installation_required AS purchase_request_items_installation_required, purchase_request_items.tech_specs_text AS purchase_request_items_tech_specs_text, purchase_request_items.gem_link AS purchase_request_items_gem_link 
FROM purchase_request_items 
WHERE purchase_request_items.purchase_request_id IN ($1::INTEGER)
INFO     sqlalchemy.engine.Engine:base.py:1846 [generated in 0.00010s] (3,)
INFO     sqlalchemy.engine.Engine:base.py:1846 SELECT users.id AS users_id, users.name AS users_name, users.email AS users_email, users.hashed_password AS users_hashed_password, users.designation AS users_designation, users.gender AS users_gender, users.role_id AS users_role_id, users.department_id AS users_department_id, users.is_active AS users_is_active, users.signature_path AS users_signature_path, users.is_approved AS users_is_approved, users.last_login_at AS users_last_login_at, users.created_at AS users_created_at 
FROM users 
WHERE users.id IN ($1::INTEGER)
INFO     sqlalchemy.engine.Engine:base.py:1846 [generated in 0.00016s] (2,)
INFO     sqlalchemy.engine.Engine:base.py:1846 SELECT users.id 
FROM users 
WHERE users.id = $1::INTEGER
INFO     sqlalchemy.engine.Engine:base.py:1846 [cached since 0.09593s ago] (2,)
INFO     sqlalchemy.engine.Engine:base.py:1846 SELECT role_managers.id AS role_managers_id, role_managers.name AS role_managers_name, role_managers.value AS role_managers_value, role_managers.group_key AS role_managers_group_key 
FROM role_managers 
WHERE role_managers.id = $1::INTEGER
INFO     sqlalchemy.engine.Engine:base.py:1846 [cached since 0.09556s ago] (1,)
INFO     sqlalchemy.engine.Engine:base.py:1846 INSERT INTO purchase_requests (icr_number, category_id, financial_year_id, initiator_id, nominee_id, procurement_id, purchase_type, current_status, amount, emd, performance_security, vendor_list_link, is_item_split, item_split_justification, is_quantity_split, quantity_split_details, is_service_center_in_south, service_center_south_desc, basis_of_estimate_details, delivery_mode, delivery_location, exemption, exemption_remarks, is_training_required, training_type, training_vendor, training_comments, tender_reference_number, date_of_tender, date_of_tech_bid_opening, date_of_financial_bid_opening, aa_approved_at, te_initiated_at, te_approved_at, fs_initiated_at, fs_approved_at, po_initiated_at, po_approved_at, faculty1_id, faculty2_id, faculty3_id, aa_approver_id, form_data, parent_pr_id, lpc_remarks, lpc_committee_members, lpc_minutes_reference, single_bid_justification, created_at) VALUES ($1::VARCHAR, $2::INTEGER, $3::INTEGER, $4::INTEGER, $5::INTEGER, $6::INTEGER, $7::VARCHAR, $8::VARCHAR, $9::FLOAT, $10::FLOAT, $11::FLOAT, $12::VARCHAR, $13::BOOLEAN, $14::VARCHAR, $15::BOOLEAN, $16::VARCHAR, $17::BOOLEAN, $18::VARCHAR, $19::VARCHAR, $20::VARCHAR, $21::VARCHAR, $22::BOOLEAN, $23::VARCHAR, $24::BOOLEAN, $25::VARCHAR, $26::VARCHAR, $27::VARCHAR, $28::VARCHAR, $29::DATE, $30::DATE, $31::DATE, $32::TIMESTAMP WITHOUT TIME ZONE, $33::TIMESTAMP WITHOUT TIME ZONE, $34::TIMESTAMP WITHOUT TIME ZONE, $35::TIMESTAMP WITHOUT TIME ZONE, $36::TIMESTAMP WITHOUT TIME ZONE, $37::TIMESTAMP WITHOUT TIME ZONE, $38::TIMESTAMP WITHOUT TIME ZONE, $39::INTEGER, $40::INTEGER, $41::INTEGER, $42::INTEGER, $43::JSON, $44::INTEGER, $45::VARCHAR, $46::VARCHAR, $47::VARCHAR, $48::VARCHAR, now()) RETURNING purchase_requests.id, purchase_requests.created_at
INFO     sqlalchemy.engine.Engine:base.py:1846 [generated in 0.00013s] (None, 2, 1, 2, None, 1, 'department', <RequestStatus.PR_SUBMITTED: 'pr_submitted'>, 120000.0, 0.0, 0.0, None, False, None, False, None, False, None, 'Direct OEM Quotation', 'speed post', 'CSE Department Store', False, None, False, None, None, None, None, None, None, None, None, None, None, None, None, None, None, None, None, None, None, '{"invited_vendors": "OEM, VendorA"}', 3, None, None, None, None)
INFO     sqlalchemy.engine.Engine:base.py:1846 INSERT INTO purchase_request_items (purchase_request_id, budget_file_id, item_description, quantity, estimated_total, charges, requirement_type, availability, availability_remarks, site_readiness, site_readiness_remarks, warranty, delivery_period, present_stock, justification_for_procurement, previous_file_no_reference, installation_required, tech_specs_text, gem_link) VALUES ($1::INTEGER, $2::INTEGER, $3::VARCHAR, $4::INTEGER, $5::FLOAT, $6::FLOAT, $7::VARCHAR, $8::VARCHAR, $9::VARCHAR, $10::BOOLEAN, $11::VARCHAR, $12::FLOAT, $13::FLOAT, $14::VARCHAR, $15::VARCHAR, $16::VARCHAR, $17::BOOLEAN, $18::VARCHAR, $19::VARCHAR) RETURNING purchase_request_items.id
INFO     sqlalchemy.engine.Engine:base.py:1846 [generated in 0.00007s] (4, 1, 'Cloned Item', 1, 120000.0, None, 'temp', 'no', None, True, None, None, None, None, None, None, False, None, None)
INFO     sqlalchemy.engine.Engine:base.py:1846 SELECT documents.id, documents.purchase_request_id, documents.doc_key, documents.doc_value, documents.uploaded_by_id, documents.updated_at 
FROM documents 
WHERE documents.purchase_request_id = $1::INTEGER
INFO     sqlalchemy.engine.Engine:base.py:1846 [generated in 0.00005s] (3,)
INFO     sqlalchemy.engine.Engine:base.py:1846 SELECT financial_years.id, financial_years.label, financial_years.start_date, financial_years.end_date, financial_years.is_active 
FROM financial_years 
WHERE financial_years.id = $1::INTEGER
INFO     sqlalchemy.engine.Engine:base.py:1846 [generated in 0.00005s] (1,)
INFO     sqlalchemy.engine.Engine:base.py:1846 SELECT users.id 
FROM users 
WHERE users.id = $1::INTEGER
INFO     sqlalchemy.engine.Engine:base.py:1846 [generated in 0.00005s] (2,)
INFO     sqlalchemy.engine.Engine:base.py:1846 SELECT departments.id AS departments_id, departments.name AS departments_name, departments.short_code AS departments_short_code, departments.expert1_id AS departments_expert1_id, departments.expert2_id AS departments_expert2_id, departments.director_faculty_id AS departments_director_faculty_id 
FROM departments 
WHERE departments.id = $1::INTEGER
INFO     sqlalchemy.engine.Engine:base.py:1846 [generated in 0.00005s] (1,)
INFO     sqlalchemy.engine.Engine:base.py:1846 UPDATE purchase_requests SET icr_number=$1::VARCHAR WHERE purchase_requests.id = $2::INTEGER
INFO     sqlalchemy.engine.Engine:base.py:1846 [generated in 0.00006s] ('ICR/S&P/2026-27/CSE/4', 4)
INFO     sqlalchemy.engine.Engine:base.py:1846 SELECT purchase_request_items.id, purchase_request_items.purchase_request_id, purchase_request_items.budget_file_id, purchase_request_items.item_description, purchase_request_items.quantity, purchase_request_items.estimated_total, purchase_request_items.charges, purchase_request_items.requirement_type, purchase_request_items.availability, purchase_request_items.availability_remarks, purchase_request_items.site_readiness, purchase_request_items.site_readiness_remarks, purchase_request_items.warranty, purchase_request_items.delivery_period, purchase_request_items.present_stock, purchase_request_items.justification_for_procurement, purchase_request_items.previous_file_no_reference, purchase_request_items.installation_required, purchase_request_items.tech_specs_text, purchase_request_items.gem_link 
FROM purchase_request_items 
WHERE purchase_request_items.purchase_request_id = $1::INTEGER
INFO     sqlalchemy.engine.Engine:base.py:1846 [cached since 0.1078s ago] (4,)
INFO     sqlalchemy.engine.Engine:base.py:1846 UPDATE budget_master SET locked_amount=(budget_master.locked_amount + $1::FLOAT) WHERE budget_master.id = $2::INTEGER
INFO     sqlalchemy.engine.Engine:base.py:1846 [cached since 0.1068s ago] (120000.0, 1)
INFO     sqlalchemy.engine.Engine:base.py:1846 SELECT purchase_requests.id 
FROM purchase_requests 
WHERE purchase_requests.id = $1::INTEGER
INFO     sqlalchemy.engine.Engine:base.py:1846 [generated in 0.00005s] (4,)
INFO     sqlalchemy.engine.Engine:base.py:1846 SELECT purchase_request_items.id AS purchase_request_items_id, purchase_request_items.purchase_request_id AS purchase_request_items_purchase_request_id, purchase_request_items.budget_file_id AS purchase_request_items_budget_file_id, purchase_request_items.item_description AS purchase_request_items_item_description, purchase_request_items.quantity AS purchase_request_items_quantity, purchase_request_items.estimated_total AS purchase_request_items_estimated_total, purchase_request_items.charges AS purchase_request_items_charges, purchase_request_items.requirement_type AS purchase_request_items_requirement_type, purchase_request_items.availability AS purchase_request_items_availability, purchase_request_items.availability_remarks AS purchase_request_items_availability_remarks, purchase_request_items.site_readiness AS purchase_request_items_site_readiness, purchase_request_items.site_readiness_remarks AS purchase_request_items_site_readiness_remarks, purchase_request_items.warranty AS purchase_request_items_warranty, purchase_request_items.delivery_period AS purchase_request_items_delivery_period, purchase_request_items.present_stock AS purchase_request_items_present_stock, purchase_request_items.justification_for_procurement AS purchase_request_items_justification_for_procurement, purchase_request_items.previous_file_no_reference AS purchase_request_items_previous_file_no_reference, purchase_request_items.installation_required AS purchase_request_items_installation_required, purchase_request_items.tech_specs_text AS purchase_request_items_tech_specs_text, purchase_request_items.gem_link AS purchase_request_items_gem_link 
FROM purchase_request_items 
WHERE $1::INTEGER = purchase_request_items.purchase_request_id
INFO     sqlalchemy.engine.Engine:base.py:1846 [generated in 0.00005s] (4,)
--------------------------- Captured stdout teardown ---------------------------
2026-06-02 11:23:40,823 INFO sqlalchemy.engine.Engine ROLLBACK
---------------------------- Captured log teardown -----------------------------
INFO     sqlalchemy.engine.Engine:base.py:2704 ROLLBACK
=============================== warnings summary ===============================
../usr/local/lib/python3.12/site-packages/passlib/utils/__init__.py:854
  /usr/local/lib/python3.12/site-packages/passlib/utils/__init__.py:854: DeprecationWarning: 'crypt' is deprecated and slated for removal in Python 3.13
    from crypt import crypt as _crypt

tests/test_cancellation.py::test_cancel_tender_success
  /app/app/routers/purchase_requests.py:1876: DeprecationWarning: datetime.datetime.utcnow() is deprecated and scheduled for removal in a future version. Use timezone-aware objects to represent datetimes in UTC: datetime.datetime.now(datetime.UTC).
    cancelled_at=datetime.utcnow()

tests/test_cancellation.py::test_cancel_tender_success
  /app/app/routers/purchase_requests.py:1892: DeprecationWarning: datetime.datetime.utcnow() is deprecated and scheduled for removal in a future version. Use timezone-aware objects to represent datetimes in UTC: datetime.datetime.now(datetime.UTC).
    acted_at=datetime.utcnow(),

tests/test_cancellation.py::test_cancel_po_success
  /app/app/routers/purchase_requests.py:1702: DeprecationWarning: datetime.datetime.utcnow() is deprecated and scheduled for removal in a future version. Use timezone-aware objects to represent datetimes in UTC: datetime.datetime.now(datetime.UTC).
    cancelled_at=datetime.utcnow()

tests/test_cancellation.py::test_cancel_po_success
  /app/app/routers/purchase_requests.py:1736: DeprecationWarning: datetime.datetime.utcnow() is deprecated and scheduled for removal in a future version. Use timezone-aware objects to represent datetimes in UTC: datetime.datetime.now(datetime.UTC).
    acted_at=datetime.utcnow(),

-- Docs: https://docs.pytest.org/en/stable/how-to/capture-warnings.html
=========================== short test summary info ============================
FAILED tests/test_cancellation.py::test_reinitiate_cancelled_pr - NameError: ...
=================== 1 failed, 3 passed, 5 warnings in 1.19s ====================
