============================= test session starts ==============================
platform linux -- Python 3.12.13, pytest-9.0.3, pluggy-1.6.0
rootdir: /app
plugins: asyncio-1.4.0, anyio-4.13.0
asyncio: mode=Mode.STRICT, debug=False, asyncio_default_fixture_loop_scope=None, asyncio_default_test_loop_scope=function
collected 1 item

tests/test_pr_nominee_scoping.py F                                       [100%]

=================================== FAILURES ===================================
_______________________ test_pr_nominee_scoping_behavior _______________________

db_session = <sqlalchemy.ext.asyncio.session.AsyncSession object at 0xffff956293a0>

    @pytest.mark.asyncio
    async def test_pr_nominee_scoping_behavior(db_session):
        db_session.commit = db_session.flush
    
        # 1. Fetch department, nominee user, and initiator user with role options loaded
        nominee = (await db_session.execute(
            select(User).options(selectinload(User.role)).where(User.email == "faculty1.cse@nitt.edu")
        )).scalar_one()
        initiator = (await db_session.execute(
            select(User).options(selectinload(User.role)).where(User.email == "faculty.cse@nitt.edu")
        )).scalar_one()
    
        dept = (await db_session.execute(select(Department).where(Department.id == nominee.department_id))).scalar_one()
    
        # Configure department director nominee
        dept.director_faculty_id = nominee.id
        await db_session.flush()
    
        # 2. Create a purchase request where faculty3_id is None
        pr = PurchaseRequest(
            amount=150000.0,
            purchase_type="department",
            initiator_id=initiator.id,
            category_id=1,
            financial_year_id=1,
            procurement_id=1,
            current_status="draft",
            faculty1_id=None,
            faculty2_id=None,
            faculty3_id=None,  # Not assigned yet
        )
        db_session.add(pr)
        await db_session.flush()
    
        try:
            # 3. List PRs as the nominee. Since faculty3_id is None and nominee is the director nominee of the dept,
            # but they are NOT explicitly assigned, this PR should NOT appear on their list!
            res_initial = await list_prs(db=db_session, user=nominee, skip=0, limit=50)
            initial_ids = {item["id"] for item in res_initial["items"]}
>           assert pr.id not in initial_ids
E           assert 9 not in {1, 2, 3, 4, 5, 6, ...}
E            +  where 9 = <app.models.purchase_request.PurchaseRequest object at 0xffff957e7680>.id

tests/test_pr_nominee_scoping.py:48: AssertionError
---------------------------- Captured stdout setup -----------------------------
2026-06-07 06:43:07,439 INFO sqlalchemy.engine.Engine select pg_catalog.version()
2026-06-07 06:43:07,439 INFO sqlalchemy.engine.Engine [raw sql] ()
2026-06-07 06:43:07,441 INFO sqlalchemy.engine.Engine select current_schema()
2026-06-07 06:43:07,441 INFO sqlalchemy.engine.Engine [raw sql] ()
2026-06-07 06:43:07,442 INFO sqlalchemy.engine.Engine show standard_conforming_strings
2026-06-07 06:43:07,442 INFO sqlalchemy.engine.Engine [raw sql] ()
2026-06-07 06:43:07,443 INFO sqlalchemy.engine.Engine BEGIN (implicit)
2026-06-07 06:43:07,449 INFO sqlalchemy.engine.Engine SELECT pg_catalog.pg_class.relname 
FROM pg_catalog.pg_class JOIN pg_catalog.pg_namespace ON pg_catalog.pg_namespace.oid = pg_catalog.pg_class.relnamespace 
WHERE pg_catalog.pg_class.relname = $1::VARCHAR AND pg_catalog.pg_class.relkind = ANY (ARRAY[$2::VARCHAR, $3::VARCHAR, $4::VARCHAR, $5::VARCHAR, $6::VARCHAR]) AND pg_catalog.pg_table_is_visible(pg_catalog.pg_class.oid) AND pg_catalog.pg_namespace.nspname != $7::VARCHAR
2026-06-07 06:43:07,449 INFO sqlalchemy.engine.Engine [generated in 0.00014s] ('departments', 'r', 'p', 'f', 'v', 'm', 'pg_catalog')
2026-06-07 06:43:07,451 INFO sqlalchemy.engine.Engine SELECT pg_catalog.pg_class.relname 
FROM pg_catalog.pg_class JOIN pg_catalog.pg_namespace ON pg_catalog.pg_namespace.oid = pg_catalog.pg_class.relnamespace 
WHERE pg_catalog.pg_class.relname = $1::VARCHAR AND pg_catalog.pg_class.relkind = ANY (ARRAY[$2::VARCHAR, $3::VARCHAR, $4::VARCHAR, $5::VARCHAR, $6::VARCHAR]) AND pg_catalog.pg_table_is_visible(pg_catalog.pg_class.oid) AND pg_catalog.pg_namespace.nspname != $7::VARCHAR
2026-06-07 06:43:07,451 INFO sqlalchemy.engine.Engine [cached since 0.00253s ago] ('role_managers', 'r', 'p', 'f', 'v', 'm', 'pg_catalog')
2026-06-07 06:43:07,452 INFO sqlalchemy.engine.Engine SELECT pg_catalog.pg_class.relname 
FROM pg_catalog.pg_class JOIN pg_catalog.pg_namespace ON pg_catalog.pg_namespace.oid = pg_catalog.pg_class.relnamespace 
WHERE pg_catalog.pg_class.relname = $1::VARCHAR AND pg_catalog.pg_class.relkind = ANY (ARRAY[$2::VARCHAR, $3::VARCHAR, $4::VARCHAR, $5::VARCHAR, $6::VARCHAR]) AND pg_catalog.pg_table_is_visible(pg_catalog.pg_class.oid) AND pg_catalog.pg_namespace.nspname != $7::VARCHAR
2026-06-07 06:43:07,452 INFO sqlalchemy.engine.Engine [cached since 0.002865s ago] ('users', 'r', 'p', 'f', 'v', 'm', 'pg_catalog')
2026-06-07 06:43:07,452 INFO sqlalchemy.engine.Engine SELECT pg_catalog.pg_class.relname 
FROM pg_catalog.pg_class JOIN pg_catalog.pg_namespace ON pg_catalog.pg_namespace.oid = pg_catalog.pg_class.relnamespace 
WHERE pg_catalog.pg_class.relname = $1::VARCHAR AND pg_catalog.pg_class.relkind = ANY (ARRAY[$2::VARCHAR, $3::VARCHAR, $4::VARCHAR, $5::VARCHAR, $6::VARCHAR]) AND pg_catalog.pg_table_is_visible(pg_catalog.pg_class.oid) AND pg_catalog.pg_namespace.nspname != $7::VARCHAR
2026-06-07 06:43:07,452 INFO sqlalchemy.engine.Engine [cached since 0.003189s ago] ('financial_years', 'r', 'p', 'f', 'v', 'm', 'pg_catalog')
2026-06-07 06:43:07,452 INFO sqlalchemy.engine.Engine SELECT pg_catalog.pg_class.relname 
FROM pg_catalog.pg_class JOIN pg_catalog.pg_namespace ON pg_catalog.pg_namespace.oid = pg_catalog.pg_class.relnamespace 
WHERE pg_catalog.pg_class.relname = $1::VARCHAR AND pg_catalog.pg_class.relkind = ANY (ARRAY[$2::VARCHAR, $3::VARCHAR, $4::VARCHAR, $5::VARCHAR, $6::VARCHAR]) AND pg_catalog.pg_table_is_visible(pg_catalog.pg_class.oid) AND pg_catalog.pg_namespace.nspname != $7::VARCHAR
2026-06-07 06:43:07,452 INFO sqlalchemy.engine.Engine [cached since 0.00349s ago] ('purchase_categories', 'r', 'p', 'f', 'v', 'm', 'pg_catalog')
2026-06-07 06:43:07,453 INFO sqlalchemy.engine.Engine SELECT pg_catalog.pg_class.relname 
FROM pg_catalog.pg_class JOIN pg_catalog.pg_namespace ON pg_catalog.pg_namespace.oid = pg_catalog.pg_class.relnamespace 
WHERE pg_catalog.pg_class.relname = $1::VARCHAR AND pg_catalog.pg_class.relkind = ANY (ARRAY[$2::VARCHAR, $3::VARCHAR, $4::VARCHAR, $5::VARCHAR, $6::VARCHAR]) AND pg_catalog.pg_table_is_visible(pg_catalog.pg_class.oid) AND pg_catalog.pg_namespace.nspname != $7::VARCHAR
2026-06-07 06:43:07,453 INFO sqlalchemy.engine.Engine [cached since 0.004185s ago] ('procurement_managers', 'r', 'p', 'f', 'v', 'm', 'pg_catalog')
2026-06-07 06:43:07,453 INFO sqlalchemy.engine.Engine SELECT pg_catalog.pg_class.relname 
FROM pg_catalog.pg_class JOIN pg_catalog.pg_namespace ON pg_catalog.pg_namespace.oid = pg_catalog.pg_class.relnamespace 
WHERE pg_catalog.pg_class.relname = $1::VARCHAR AND pg_catalog.pg_class.relkind = ANY (ARRAY[$2::VARCHAR, $3::VARCHAR, $4::VARCHAR, $5::VARCHAR, $6::VARCHAR]) AND pg_catalog.pg_table_is_visible(pg_catalog.pg_class.oid) AND pg_catalog.pg_namespace.nspname != $7::VARCHAR
2026-06-07 06:43:07,453 INFO sqlalchemy.engine.Engine [cached since 0.004493s ago] ('phase_managers', 'r', 'p', 'f', 'v', 'm', 'pg_catalog')
2026-06-07 06:43:07,453 INFO sqlalchemy.engine.Engine SELECT pg_catalog.pg_class.relname 
FROM pg_catalog.pg_class JOIN pg_catalog.pg_namespace ON pg_catalog.pg_namespace.oid = pg_catalog.pg_class.relnamespace 
WHERE pg_catalog.pg_class.relname = $1::VARCHAR AND pg_catalog.pg_class.relkind = ANY (ARRAY[$2::VARCHAR, $3::VARCHAR, $4::VARCHAR, $5::VARCHAR, $6::VARCHAR]) AND pg_catalog.pg_table_is_visible(pg_catalog.pg_class.oid) AND pg_catalog.pg_namespace.nspname != $7::VARCHAR
2026-06-07 06:43:07,453 INFO sqlalchemy.engine.Engine [cached since 0.00473s ago] ('budget_master', 'r', 'p', 'f', 'v', 'm', 'pg_catalog')
2026-06-07 06:43:07,454 INFO sqlalchemy.engine.Engine SELECT pg_catalog.pg_class.relname 
FROM pg_catalog.pg_class JOIN pg_catalog.pg_namespace ON pg_catalog.pg_namespace.oid = pg_catalog.pg_class.relnamespace 
WHERE pg_catalog.pg_class.relname = $1::VARCHAR AND pg_catalog.pg_class.relkind = ANY (ARRAY[$2::VARCHAR, $3::VARCHAR, $4::VARCHAR, $5::VARCHAR, $6::VARCHAR]) AND pg_catalog.pg_table_is_visible(pg_catalog.pg_class.oid) AND pg_catalog.pg_namespace.nspname != $7::VARCHAR
2026-06-07 06:43:07,454 INFO sqlalchemy.engine.Engine [cached since 0.004965s ago] ('settings', 'r', 'p', 'f', 'v', 'm', 'pg_catalog')
2026-06-07 06:43:07,454 INFO sqlalchemy.engine.Engine SELECT pg_catalog.pg_class.relname 
FROM pg_catalog.pg_class JOIN pg_catalog.pg_namespace ON pg_catalog.pg_namespace.oid = pg_catalog.pg_class.relnamespace 
WHERE pg_catalog.pg_class.relname = $1::VARCHAR AND pg_catalog.pg_class.relkind = ANY (ARRAY[$2::VARCHAR, $3::VARCHAR, $4::VARCHAR, $5::VARCHAR, $6::VARCHAR]) AND pg_catalog.pg_table_is_visible(pg_catalog.pg_class.oid) AND pg_catalog.pg_namespace.nspname != $7::VARCHAR
2026-06-07 06:43:07,454 INFO sqlalchemy.engine.Engine [cached since 0.005199s ago] ('tc_master', 'r', 'p', 'f', 'v', 'm', 'pg_catalog')
2026-06-07 06:43:07,454 INFO sqlalchemy.engine.Engine SELECT pg_catalog.pg_class.relname 
FROM pg_catalog.pg_class JOIN pg_catalog.pg_namespace ON pg_catalog.pg_namespace.oid = pg_catalog.pg_class.relnamespace 
WHERE pg_catalog.pg_class.relname = $1::VARCHAR AND pg_catalog.pg_class.relkind = ANY (ARRAY[$2::VARCHAR, $3::VARCHAR, $4::VARCHAR, $5::VARCHAR, $6::VARCHAR]) AND pg_catalog.pg_table_is_visible(pg_catalog.pg_class.oid) AND pg_catalog.pg_namespace.nspname != $7::VARCHAR
2026-06-07 06:43:07,454 INFO sqlalchemy.engine.Engine [cached since 0.005391s ago] ('purchase_requests', 'r', 'p', 'f', 'v', 'm', 'pg_catalog')
2026-06-07 06:43:07,454 INFO sqlalchemy.engine.Engine SELECT pg_catalog.pg_class.relname 
FROM pg_catalog.pg_class JOIN pg_catalog.pg_namespace ON pg_catalog.pg_namespace.oid = pg_catalog.pg_class.relnamespace 
WHERE pg_catalog.pg_class.relname = $1::VARCHAR AND pg_catalog.pg_class.relkind = ANY (ARRAY[$2::VARCHAR, $3::VARCHAR, $4::VARCHAR, $5::VARCHAR, $6::VARCHAR]) AND pg_catalog.pg_table_is_visible(pg_catalog.pg_class.oid) AND pg_catalog.pg_namespace.nspname != $7::VARCHAR
2026-06-07 06:43:07,454 INFO sqlalchemy.engine.Engine [cached since 0.005623s ago] ('purchase_request_items', 'r', 'p', 'f', 'v', 'm', 'pg_catalog')
2026-06-07 06:43:07,454 INFO sqlalchemy.engine.Engine SELECT pg_catalog.pg_class.relname 
FROM pg_catalog.pg_class JOIN pg_catalog.pg_namespace ON pg_catalog.pg_namespace.oid = pg_catalog.pg_class.relnamespace 
WHERE pg_catalog.pg_class.relname = $1::VARCHAR AND pg_catalog.pg_class.relkind = ANY (ARRAY[$2::VARCHAR, $3::VARCHAR, $4::VARCHAR, $5::VARCHAR, $6::VARCHAR]) AND pg_catalog.pg_table_is_visible(pg_catalog.pg_class.oid) AND pg_catalog.pg_namespace.nspname != $7::VARCHAR
2026-06-07 06:43:07,455 INFO sqlalchemy.engine.Engine [cached since 0.005827s ago] ('purchase_request_flows', 'r', 'p', 'f', 'v', 'm', 'pg_catalog')
2026-06-07 06:43:07,455 INFO sqlalchemy.engine.Engine SELECT pg_catalog.pg_class.relname 
FROM pg_catalog.pg_class JOIN pg_catalog.pg_namespace ON pg_catalog.pg_namespace.oid = pg_catalog.pg_class.relnamespace 
WHERE pg_catalog.pg_class.relname = $1::VARCHAR AND pg_catalog.pg_class.relkind = ANY (ARRAY[$2::VARCHAR, $3::VARCHAR, $4::VARCHAR, $5::VARCHAR, $6::VARCHAR]) AND pg_catalog.pg_table_is_visible(pg_catalog.pg_class.oid) AND pg_catalog.pg_namespace.nspname != $7::VARCHAR
2026-06-07 06:43:07,455 INFO sqlalchemy.engine.Engine [cached since 0.006021s ago] ('purchase_request_history', 'r', 'p', 'f', 'v', 'm', 'pg_catalog')
2026-06-07 06:43:07,455 INFO sqlalchemy.engine.Engine SELECT pg_catalog.pg_class.relname 
FROM pg_catalog.pg_class JOIN pg_catalog.pg_namespace ON pg_catalog.pg_namespace.oid = pg_catalog.pg_class.relnamespace 
WHERE pg_catalog.pg_class.relname = $1::VARCHAR AND pg_catalog.pg_class.relkind = ANY (ARRAY[$2::VARCHAR, $3::VARCHAR, $4::VARCHAR, $5::VARCHAR, $6::VARCHAR]) AND pg_catalog.pg_table_is_visible(pg_catalog.pg_class.oid) AND pg_catalog.pg_namespace.nspname != $7::VARCHAR
2026-06-07 06:43:07,455 INFO sqlalchemy.engine.Engine [cached since 0.006216s ago] ('purchase_request_assignments', 'r', 'p', 'f', 'v', 'm', 'pg_catalog')
2026-06-07 06:43:07,455 INFO sqlalchemy.engine.Engine SELECT pg_catalog.pg_class.relname 
FROM pg_catalog.pg_class JOIN pg_catalog.pg_namespace ON pg_catalog.pg_namespace.oid = pg_catalog.pg_class.relnamespace 
WHERE pg_catalog.pg_class.relname = $1::VARCHAR AND pg_catalog.pg_class.relkind = ANY (ARRAY[$2::VARCHAR, $3::VARCHAR, $4::VARCHAR, $5::VARCHAR, $6::VARCHAR]) AND pg_catalog.pg_table_is_visible(pg_catalog.pg_class.oid) AND pg_catalog.pg_namespace.nspname != $7::VARCHAR
2026-06-07 06:43:07,455 INFO sqlalchemy.engine.Engine [cached since 0.006428s ago] ('technical_evaluations', 'r', 'p', 'f', 'v', 'm', 'pg_catalog')
2026-06-07 06:43:07,455 INFO sqlalchemy.engine.Engine SELECT pg_catalog.pg_class.relname 
FROM pg_catalog.pg_class JOIN pg_catalog.pg_namespace ON pg_catalog.pg_namespace.oid = pg_catalog.pg_class.relnamespace 
WHERE pg_catalog.pg_class.relname = $1::VARCHAR AND pg_catalog.pg_class.relkind = ANY (ARRAY[$2::VARCHAR, $3::VARCHAR, $4::VARCHAR, $5::VARCHAR, $6::VARCHAR]) AND pg_catalog.pg_table_is_visible(pg_catalog.pg_class.oid) AND pg_catalog.pg_namespace.nspname != $7::VARCHAR
2026-06-07 06:43:07,455 INFO sqlalchemy.engine.Engine [cached since 0.006655s ago] ('financial_evaluations', 'r', 'p', 'f', 'v', 'm', 'pg_catalog')
2026-06-07 06:43:07,456 INFO sqlalchemy.engine.Engine SELECT pg_catalog.pg_class.relname 
FROM pg_catalog.pg_class JOIN pg_catalog.pg_namespace ON pg_catalog.pg_namespace.oid = pg_catalog.pg_class.relnamespace 
WHERE pg_catalog.pg_class.relname = $1::VARCHAR AND pg_catalog.pg_class.relkind = ANY (ARRAY[$2::VARCHAR, $3::VARCHAR, $4::VARCHAR, $5::VARCHAR, $6::VARCHAR]) AND pg_catalog.pg_table_is_visible(pg_catalog.pg_class.oid) AND pg_catalog.pg_namespace.nspname != $7::VARCHAR
2026-06-07 06:43:07,456 INFO sqlalchemy.engine.Engine [cached since 0.006955s ago] ('commercial_evaluations', 'r', 'p', 'f', 'v', 'm', 'pg_catalog')
2026-06-07 06:43:07,456 INFO sqlalchemy.engine.Engine SELECT pg_catalog.pg_class.relname 
FROM pg_catalog.pg_class JOIN pg_catalog.pg_namespace ON pg_catalog.pg_namespace.oid = pg_catalog.pg_class.relnamespace 
WHERE pg_catalog.pg_class.relname = $1::VARCHAR AND pg_catalog.pg_class.relkind = ANY (ARRAY[$2::VARCHAR, $3::VARCHAR, $4::VARCHAR, $5::VARCHAR, $6::VARCHAR]) AND pg_catalog.pg_table_is_visible(pg_catalog.pg_class.oid) AND pg_catalog.pg_namespace.nspname != $7::VARCHAR
2026-06-07 06:43:07,456 INFO sqlalchemy.engine.Engine [cached since 0.007206s ago] ('documents', 'r', 'p', 'f', 'v', 'm', 'pg_catalog')
2026-06-07 06:43:07,456 INFO sqlalchemy.engine.Engine SELECT pg_catalog.pg_class.relname 
FROM pg_catalog.pg_class JOIN pg_catalog.pg_namespace ON pg_catalog.pg_namespace.oid = pg_catalog.pg_class.relnamespace 
WHERE pg_catalog.pg_class.relname = $1::VARCHAR AND pg_catalog.pg_class.relkind = ANY (ARRAY[$2::VARCHAR, $3::VARCHAR, $4::VARCHAR, $5::VARCHAR, $6::VARCHAR]) AND pg_catalog.pg_table_is_visible(pg_catalog.pg_class.oid) AND pg_catalog.pg_namespace.nspname != $7::VARCHAR
2026-06-07 06:43:07,456 INFO sqlalchemy.engine.Engine [cached since 0.007475s ago] ('workflow_hierarchies', 'r', 'p', 'f', 'v', 'm', 'pg_catalog')
2026-06-07 06:43:07,456 INFO sqlalchemy.engine.Engine SELECT pg_catalog.pg_class.relname 
FROM pg_catalog.pg_class JOIN pg_catalog.pg_namespace ON pg_catalog.pg_namespace.oid = pg_catalog.pg_class.relnamespace 
WHERE pg_catalog.pg_class.relname = $1::VARCHAR AND pg_catalog.pg_class.relkind = ANY (ARRAY[$2::VARCHAR, $3::VARCHAR, $4::VARCHAR, $5::VARCHAR, $6::VARCHAR]) AND pg_catalog.pg_table_is_visible(pg_catalog.pg_class.oid) AND pg_catalog.pg_namespace.nspname != $7::VARCHAR
2026-06-07 06:43:07,456 INFO sqlalchemy.engine.Engine [cached since 0.007706s ago] ('vendor_master', 'r', 'p', 'f', 'v', 'm', 'pg_catalog')
2026-06-07 06:43:07,457 INFO sqlalchemy.engine.Engine SELECT pg_catalog.pg_class.relname 
FROM pg_catalog.pg_class JOIN pg_catalog.pg_namespace ON pg_catalog.pg_namespace.oid = pg_catalog.pg_class.relnamespace 
WHERE pg_catalog.pg_class.relname = $1::VARCHAR AND pg_catalog.pg_class.relkind = ANY (ARRAY[$2::VARCHAR, $3::VARCHAR, $4::VARCHAR, $5::VARCHAR, $6::VARCHAR]) AND pg_catalog.pg_table_is_visible(pg_catalog.pg_class.oid) AND pg_catalog.pg_namespace.nspname != $7::VARCHAR
2026-06-07 06:43:07,457 INFO sqlalchemy.engine.Engine [cached since 0.007898s ago] ('email_queue', 'r', 'p', 'f', 'v', 'm', 'pg_catalog')
2026-06-07 06:43:07,457 INFO sqlalchemy.engine.Engine SELECT pg_catalog.pg_class.relname 
FROM pg_catalog.pg_class JOIN pg_catalog.pg_namespace ON pg_catalog.pg_namespace.oid = pg_catalog.pg_class.relnamespace 
WHERE pg_catalog.pg_class.relname = $1::VARCHAR AND pg_catalog.pg_class.relkind = ANY (ARRAY[$2::VARCHAR, $3::VARCHAR, $4::VARCHAR, $5::VARCHAR, $6::VARCHAR]) AND pg_catalog.pg_table_is_visible(pg_catalog.pg_class.oid) AND pg_catalog.pg_namespace.nspname != $7::VARCHAR
2026-06-07 06:43:07,457 INFO sqlalchemy.engine.Engine [cached since 0.008118s ago] ('po_cancellations', 'r', 'p', 'f', 'v', 'm', 'pg_catalog')
2026-06-07 06:43:07,457 INFO sqlalchemy.engine.Engine SELECT pg_catalog.pg_class.relname 
FROM pg_catalog.pg_class JOIN pg_catalog.pg_namespace ON pg_catalog.pg_namespace.oid = pg_catalog.pg_class.relnamespace 
WHERE pg_catalog.pg_class.relname = $1::VARCHAR AND pg_catalog.pg_class.relkind = ANY (ARRAY[$2::VARCHAR, $3::VARCHAR, $4::VARCHAR, $5::VARCHAR, $6::VARCHAR]) AND pg_catalog.pg_table_is_visible(pg_catalog.pg_class.oid) AND pg_catalog.pg_namespace.nspname != $7::VARCHAR
2026-06-07 06:43:07,457 INFO sqlalchemy.engine.Engine [cached since 0.008485s ago] ('tender_cancellations', 'r', 'p', 'f', 'v', 'm', 'pg_catalog')
2026-06-07 06:43:07,457 INFO sqlalchemy.engine.Engine SELECT pg_catalog.pg_class.relname 
FROM pg_catalog.pg_class JOIN pg_catalog.pg_namespace ON pg_catalog.pg_namespace.oid = pg_catalog.pg_class.relnamespace 
WHERE pg_catalog.pg_class.relname = $1::VARCHAR AND pg_catalog.pg_class.relkind = ANY (ARRAY[$2::VARCHAR, $3::VARCHAR, $4::VARCHAR, $5::VARCHAR, $6::VARCHAR]) AND pg_catalog.pg_table_is_visible(pg_catalog.pg_class.oid) AND pg_catalog.pg_namespace.nspname != $7::VARCHAR
2026-06-07 06:43:07,457 INFO sqlalchemy.engine.Engine [cached since 0.008724s ago] ('bill_passings', 'r', 'p', 'f', 'v', 'm', 'pg_catalog')
2026-06-07 06:43:07,458 INFO sqlalchemy.engine.Engine SELECT pg_catalog.pg_class.relname 
FROM pg_catalog.pg_class JOIN pg_catalog.pg_namespace ON pg_catalog.pg_namespace.oid = pg_catalog.pg_class.relnamespace 
WHERE pg_catalog.pg_class.relname = $1::VARCHAR AND pg_catalog.pg_class.relkind = ANY (ARRAY[$2::VARCHAR, $3::VARCHAR, $4::VARCHAR, $5::VARCHAR, $6::VARCHAR]) AND pg_catalog.pg_table_is_visible(pg_catalog.pg_class.oid) AND pg_catalog.pg_namespace.nspname != $7::VARCHAR
2026-06-07 06:43:07,458 INFO sqlalchemy.engine.Engine [cached since 0.008947s ago] ('pr_referrals', 'r', 'p', 'f', 'v', 'm', 'pg_catalog')
2026-06-07 06:43:07,458 INFO sqlalchemy.engine.Engine SELECT pg_catalog.pg_class.relname 
FROM pg_catalog.pg_class JOIN pg_catalog.pg_namespace ON pg_catalog.pg_namespace.oid = pg_catalog.pg_class.relnamespace 
WHERE pg_catalog.pg_class.relname = $1::VARCHAR AND pg_catalog.pg_class.relkind = ANY (ARRAY[$2::VARCHAR, $3::VARCHAR, $4::VARCHAR, $5::VARCHAR, $6::VARCHAR]) AND pg_catalog.pg_table_is_visible(pg_catalog.pg_class.oid) AND pg_catalog.pg_namespace.nspname != $7::VARCHAR
2026-06-07 06:43:07,458 INFO sqlalchemy.engine.Engine [cached since 0.009155s ago] ('deliveries', 'r', 'p', 'f', 'v', 'm', 'pg_catalog')
2026-06-07 06:43:07,458 INFO sqlalchemy.engine.Engine SELECT pg_catalog.pg_class.relname 
FROM pg_catalog.pg_class JOIN pg_catalog.pg_namespace ON pg_catalog.pg_namespace.oid = pg_catalog.pg_class.relnamespace 
WHERE pg_catalog.pg_class.relname = $1::VARCHAR AND pg_catalog.pg_class.relkind = ANY (ARRAY[$2::VARCHAR, $3::VARCHAR, $4::VARCHAR, $5::VARCHAR, $6::VARCHAR]) AND pg_catalog.pg_table_is_visible(pg_catalog.pg_class.oid) AND pg_catalog.pg_namespace.nspname != $7::VARCHAR
2026-06-07 06:43:07,458 INFO sqlalchemy.engine.Engine [cached since 0.009362s ago] ('delivery_items', 'r', 'p', 'f', 'v', 'm', 'pg_catalog')
2026-06-07 06:43:07,459 INFO sqlalchemy.engine.Engine SELECT pg_catalog.pg_class.relname 
FROM pg_catalog.pg_class JOIN pg_catalog.pg_namespace ON pg_catalog.pg_namespace.oid = pg_catalog.pg_class.relnamespace 
WHERE pg_catalog.pg_class.relname = $1::VARCHAR AND pg_catalog.pg_class.relkind = ANY (ARRAY[$2::VARCHAR, $3::VARCHAR, $4::VARCHAR, $5::VARCHAR, $6::VARCHAR]) AND pg_catalog.pg_table_is_visible(pg_catalog.pg_class.oid) AND pg_catalog.pg_namespace.nspname != $7::VARCHAR
2026-06-07 06:43:07,459 INFO sqlalchemy.engine.Engine [cached since 0.01009s ago] ('dept_asset_logs', 'r', 'p', 'f', 'v', 'm', 'pg_catalog')
2026-06-07 06:43:07,459 INFO sqlalchemy.engine.Engine SELECT pg_catalog.pg_class.relname 
FROM pg_catalog.pg_class JOIN pg_catalog.pg_namespace ON pg_catalog.pg_namespace.oid = pg_catalog.pg_class.relnamespace 
WHERE pg_catalog.pg_class.relname = $1::VARCHAR AND pg_catalog.pg_class.relkind = ANY (ARRAY[$2::VARCHAR, $3::VARCHAR, $4::VARCHAR, $5::VARCHAR, $6::VARCHAR]) AND pg_catalog.pg_table_is_visible(pg_catalog.pg_class.oid) AND pg_catalog.pg_namespace.nspname != $7::VARCHAR
2026-06-07 06:43:07,459 INFO sqlalchemy.engine.Engine [cached since 0.01028s ago] ('stores_asset_logs', 'r', 'p', 'f', 'v', 'm', 'pg_catalog')
2026-06-07 06:43:07,459 INFO sqlalchemy.engine.Engine SELECT pg_catalog.pg_class.relname 
FROM pg_catalog.pg_class JOIN pg_catalog.pg_namespace ON pg_catalog.pg_namespace.oid = pg_catalog.pg_class.relnamespace 
WHERE pg_catalog.pg_class.relname = $1::VARCHAR AND pg_catalog.pg_class.relkind = ANY (ARRAY[$2::VARCHAR, $3::VARCHAR, $4::VARCHAR, $5::VARCHAR, $6::VARCHAR]) AND pg_catalog.pg_table_is_visible(pg_catalog.pg_class.oid) AND pg_catalog.pg_namespace.nspname != $7::VARCHAR
2026-06-07 06:43:07,459 INFO sqlalchemy.engine.Engine [cached since 0.01052s ago] ('discrepancies', 'r', 'p', 'f', 'v', 'm', 'pg_catalog')
2026-06-07 06:43:07,459 INFO sqlalchemy.engine.Engine SELECT pg_catalog.pg_class.relname 
FROM pg_catalog.pg_class JOIN pg_catalog.pg_namespace ON pg_catalog.pg_namespace.oid = pg_catalog.pg_class.relnamespace 
WHERE pg_catalog.pg_class.relname = $1::VARCHAR AND pg_catalog.pg_class.relkind = ANY (ARRAY[$2::VARCHAR, $3::VARCHAR, $4::VARCHAR, $5::VARCHAR, $6::VARCHAR]) AND pg_catalog.pg_table_is_visible(pg_catalog.pg_class.oid) AND pg_catalog.pg_namespace.nspname != $7::VARCHAR
2026-06-07 06:43:07,459 INFO sqlalchemy.engine.Engine [cached since 0.01075s ago] ('payments', 'r', 'p', 'f', 'v', 'm', 'pg_catalog')
2026-06-07 06:43:07,460 INFO sqlalchemy.engine.Engine SELECT pg_catalog.pg_class.relname 
FROM pg_catalog.pg_class JOIN pg_catalog.pg_namespace ON pg_catalog.pg_namespace.oid = pg_catalog.pg_class.relnamespace 
WHERE pg_catalog.pg_class.relname = $1::VARCHAR AND pg_catalog.pg_class.relkind = ANY (ARRAY[$2::VARCHAR, $3::VARCHAR, $4::VARCHAR, $5::VARCHAR, $6::VARCHAR]) AND pg_catalog.pg_table_is_visible(pg_catalog.pg_class.oid) AND pg_catalog.pg_namespace.nspname != $7::VARCHAR
2026-06-07 06:43:07,460 INFO sqlalchemy.engine.Engine [cached since 0.01098s ago] ('assets', 'r', 'p', 'f', 'v', 'm', 'pg_catalog')
2026-06-07 06:43:07,460 INFO sqlalchemy.engine.Engine SELECT pg_catalog.pg_class.relname 
FROM pg_catalog.pg_class JOIN pg_catalog.pg_namespace ON pg_catalog.pg_namespace.oid = pg_catalog.pg_class.relnamespace 
WHERE pg_catalog.pg_class.relname = $1::VARCHAR AND pg_catalog.pg_class.relkind = ANY (ARRAY[$2::VARCHAR, $3::VARCHAR, $4::VARCHAR, $5::VARCHAR, $6::VARCHAR]) AND pg_catalog.pg_table_is_visible(pg_catalog.pg_class.oid) AND pg_catalog.pg_namespace.nspname != $7::VARCHAR
2026-06-07 06:43:07,460 INFO sqlalchemy.engine.Engine [cached since 0.01122s ago] ('asset_movements', 'r', 'p', 'f', 'v', 'm', 'pg_catalog')
2026-06-07 06:43:07,460 INFO sqlalchemy.engine.Engine SELECT pg_catalog.pg_class.relname 
FROM pg_catalog.pg_class JOIN pg_catalog.pg_namespace ON pg_catalog.pg_namespace.oid = pg_catalog.pg_class.relnamespace 
WHERE pg_catalog.pg_class.relname = $1::VARCHAR AND pg_catalog.pg_class.relkind = ANY (ARRAY[$2::VARCHAR, $3::VARCHAR, $4::VARCHAR, $5::VARCHAR, $6::VARCHAR]) AND pg_catalog.pg_table_is_visible(pg_catalog.pg_class.oid) AND pg_catalog.pg_namespace.nspname != $7::VARCHAR
2026-06-07 06:43:07,460 INFO sqlalchemy.engine.Engine [cached since 0.01142s ago] ('asset_logs', 'r', 'p', 'f', 'v', 'm', 'pg_catalog')
2026-06-07 06:43:07,461 INFO sqlalchemy.engine.Engine ALTER TABLE departments DROP CONSTRAINT fk_departments_expert2
2026-06-07 06:43:07,461 INFO sqlalchemy.engine.Engine [no key 0.00005s] ()
2026-06-07 06:43:07,463 INFO sqlalchemy.engine.Engine ALTER TABLE departments DROP CONSTRAINT fk_departments_expert1
2026-06-07 06:43:07,463 INFO sqlalchemy.engine.Engine [no key 0.00005s] ()
2026-06-07 06:43:07,463 INFO sqlalchemy.engine.Engine ALTER TABLE departments DROP CONSTRAINT fk_departments_director_faculty
2026-06-07 06:43:07,463 INFO sqlalchemy.engine.Engine [no key 0.00003s] ()
2026-06-07 06:43:07,464 INFO sqlalchemy.engine.Engine 
DROP TABLE asset_logs
2026-06-07 06:43:07,464 INFO sqlalchemy.engine.Engine [no key 0.00003s] ()
2026-06-07 06:43:07,466 INFO sqlalchemy.engine.Engine 
DROP TABLE asset_movements
2026-06-07 06:43:07,466 INFO sqlalchemy.engine.Engine [no key 0.00004s] ()
2026-06-07 06:43:07,469 INFO sqlalchemy.engine.Engine 
DROP TABLE assets
2026-06-07 06:43:07,469 INFO sqlalchemy.engine.Engine [no key 0.00007s] ()
2026-06-07 06:43:07,471 INFO sqlalchemy.engine.Engine 
DROP TABLE discrepancies
2026-06-07 06:43:07,471 INFO sqlalchemy.engine.Engine [no key 0.00006s] ()
2026-06-07 06:43:07,473 INFO sqlalchemy.engine.Engine 
DROP TABLE stores_asset_logs
2026-06-07 06:43:07,473 INFO sqlalchemy.engine.Engine [no key 0.00006s] ()
2026-06-07 06:43:07,477 INFO sqlalchemy.engine.Engine 
DROP TABLE dept_asset_logs
2026-06-07 06:43:07,477 INFO sqlalchemy.engine.Engine [no key 0.00010s] ()
2026-06-07 06:43:07,479 INFO sqlalchemy.engine.Engine 
DROP TABLE payments
2026-06-07 06:43:07,479 INFO sqlalchemy.engine.Engine [no key 0.00005s] ()
2026-06-07 06:43:07,481 INFO sqlalchemy.engine.Engine 
DROP TABLE delivery_items
2026-06-07 06:43:07,481 INFO sqlalchemy.engine.Engine [no key 0.00005s] ()
2026-06-07 06:43:07,482 INFO sqlalchemy.engine.Engine 
DROP TABLE deliveries
2026-06-07 06:43:07,482 INFO sqlalchemy.engine.Engine [no key 0.00007s] ()
2026-06-07 06:43:07,484 INFO sqlalchemy.engine.Engine 
DROP TABLE pr_referrals
2026-06-07 06:43:07,485 INFO sqlalchemy.engine.Engine [no key 0.00005s] ()
2026-06-07 06:43:07,487 INFO sqlalchemy.engine.Engine 
DROP TABLE bill_passings
2026-06-07 06:43:07,487 INFO sqlalchemy.engine.Engine [no key 0.00007s] ()
2026-06-07 06:43:07,490 INFO sqlalchemy.engine.Engine 
DROP TABLE tender_cancellations
2026-06-07 06:43:07,490 INFO sqlalchemy.engine.Engine [no key 0.00005s] ()
2026-06-07 06:43:07,491 INFO sqlalchemy.engine.Engine 
DROP TABLE po_cancellations
2026-06-07 06:43:07,491 INFO sqlalchemy.engine.Engine [no key 0.00006s] ()
2026-06-07 06:43:07,493 INFO sqlalchemy.engine.Engine 
DROP TABLE documents
2026-06-07 06:43:07,493 INFO sqlalchemy.engine.Engine [no key 0.00004s] ()
2026-06-07 06:43:07,494 INFO sqlalchemy.engine.Engine 
DROP TABLE commercial_evaluations
2026-06-07 06:43:07,495 INFO sqlalchemy.engine.Engine [no key 0.00004s] ()
2026-06-07 06:43:07,496 INFO sqlalchemy.engine.Engine 
DROP TABLE financial_evaluations
2026-06-07 06:43:07,496 INFO sqlalchemy.engine.Engine [no key 0.00005s] ()
2026-06-07 06:43:07,497 INFO sqlalchemy.engine.Engine 
DROP TABLE technical_evaluations
2026-06-07 06:43:07,497 INFO sqlalchemy.engine.Engine [no key 0.00004s] ()
2026-06-07 06:43:07,499 INFO sqlalchemy.engine.Engine 
DROP TABLE purchase_request_assignments
2026-06-07 06:43:07,499 INFO sqlalchemy.engine.Engine [no key 0.00004s] ()
2026-06-07 06:43:07,501 INFO sqlalchemy.engine.Engine 
DROP TABLE purchase_request_history
2026-06-07 06:43:07,501 INFO sqlalchemy.engine.Engine [no key 0.00003s] ()
2026-06-07 06:43:07,502 INFO sqlalchemy.engine.Engine 
DROP TABLE purchase_request_flows
2026-06-07 06:43:07,503 INFO sqlalchemy.engine.Engine [no key 0.00006s] ()
2026-06-07 06:43:07,504 INFO sqlalchemy.engine.Engine 
DROP TABLE purchase_request_items
2026-06-07 06:43:07,504 INFO sqlalchemy.engine.Engine [no key 0.00003s] ()
2026-06-07 06:43:07,506 INFO sqlalchemy.engine.Engine 
DROP TABLE workflow_hierarchies
2026-06-07 06:43:07,506 INFO sqlalchemy.engine.Engine [no key 0.00004s] ()
2026-06-07 06:43:07,509 INFO sqlalchemy.engine.Engine 
DROP TABLE purchase_requests
2026-06-07 06:43:07,509 INFO sqlalchemy.engine.Engine [no key 0.00004s] ()
2026-06-07 06:43:07,513 INFO sqlalchemy.engine.Engine 
DROP TABLE budget_master
2026-06-07 06:43:07,513 INFO sqlalchemy.engine.Engine [no key 0.00004s] ()
2026-06-07 06:43:07,516 INFO sqlalchemy.engine.Engine 
DROP TABLE purchase_categories
2026-06-07 06:43:07,516 INFO sqlalchemy.engine.Engine [no key 0.00005s] ()
2026-06-07 06:43:07,518 INFO sqlalchemy.engine.Engine 
DROP TABLE users
2026-06-07 06:43:07,518 INFO sqlalchemy.engine.Engine [no key 0.00005s] ()
2026-06-07 06:43:07,520 INFO sqlalchemy.engine.Engine 
DROP TABLE email_queue
2026-06-07 06:43:07,520 INFO sqlalchemy.engine.Engine [no key 0.00005s] ()
2026-06-07 06:43:07,521 INFO sqlalchemy.engine.Engine 
DROP TABLE vendor_master
2026-06-07 06:43:07,521 INFO sqlalchemy.engine.Engine [no key 0.00003s] ()
2026-06-07 06:43:07,522 INFO sqlalchemy.engine.Engine 
DROP TABLE tc_master
2026-06-07 06:43:07,522 INFO sqlalchemy.engine.Engine [no key 0.00004s] ()
2026-06-07 06:43:07,523 INFO sqlalchemy.engine.Engine 
DROP TABLE settings
2026-06-07 06:43:07,523 INFO sqlalchemy.engine.Engine [no key 0.00005s] ()
2026-06-07 06:43:07,524 INFO sqlalchemy.engine.Engine 
DROP TABLE phase_managers
2026-06-07 06:43:07,524 INFO sqlalchemy.engine.Engine [no key 0.00005s] ()
2026-06-07 06:43:07,524 INFO sqlalchemy.engine.Engine 
DROP TABLE procurement_managers
2026-06-07 06:43:07,524 INFO sqlalchemy.engine.Engine [no key 0.00004s] ()
2026-06-07 06:43:07,525 INFO sqlalchemy.engine.Engine 
DROP TABLE financial_years
2026-06-07 06:43:07,526 INFO sqlalchemy.engine.Engine [no key 0.00003s] ()
2026-06-07 06:43:07,526 INFO sqlalchemy.engine.Engine 
DROP TABLE role_managers
2026-06-07 06:43:07,526 INFO sqlalchemy.engine.Engine [no key 0.00006s] ()
2026-06-07 06:43:07,527 INFO sqlalchemy.engine.Engine 
DROP TABLE departments
2026-06-07 06:43:07,527 INFO sqlalchemy.engine.Engine [no key 0.00003s] ()
2026-06-07 06:43:07,528 INFO sqlalchemy.engine.Engine SELECT pg_catalog.pg_class.relname 
FROM pg_catalog.pg_class JOIN pg_catalog.pg_namespace ON pg_catalog.pg_namespace.oid = pg_catalog.pg_class.relnamespace 
WHERE pg_catalog.pg_class.relname = $1::VARCHAR AND pg_catalog.pg_class.relkind = ANY (ARRAY[$2::VARCHAR, $3::VARCHAR, $4::VARCHAR, $5::VARCHAR, $6::VARCHAR]) AND pg_catalog.pg_table_is_visible(pg_catalog.pg_class.oid) AND pg_catalog.pg_namespace.nspname != $7::VARCHAR
2026-06-07 06:43:07,528 INFO sqlalchemy.engine.Engine [cached since 0.07979s ago] ('departments', 'r', 'p', 'f', 'v', 'm', 'pg_catalog')
2026-06-07 06:43:07,529 INFO sqlalchemy.engine.Engine SELECT pg_catalog.pg_class.relname 
FROM pg_catalog.pg_class JOIN pg_catalog.pg_namespace ON pg_catalog.pg_namespace.oid = pg_catalog.pg_class.relnamespace 
WHERE pg_catalog.pg_class.relname = $1::VARCHAR AND pg_catalog.pg_class.relkind = ANY (ARRAY[$2::VARCHAR, $3::VARCHAR, $4::VARCHAR, $5::VARCHAR, $6::VARCHAR]) AND pg_catalog.pg_table_is_visible(pg_catalog.pg_class.oid) AND pg_catalog.pg_namespace.nspname != $7::VARCHAR
2026-06-07 06:43:07,529 INFO sqlalchemy.engine.Engine [cached since 0.08039s ago] ('role_managers', 'r', 'p', 'f', 'v', 'm', 'pg_catalog')
2026-06-07 06:43:07,529 INFO sqlalchemy.engine.Engine SELECT pg_catalog.pg_class.relname 
FROM pg_catalog.pg_class JOIN pg_catalog.pg_namespace ON pg_catalog.pg_namespace.oid = pg_catalog.pg_class.relnamespace 
WHERE pg_catalog.pg_class.relname = $1::VARCHAR AND pg_catalog.pg_class.relkind = ANY (ARRAY[$2::VARCHAR, $3::VARCHAR, $4::VARCHAR, $5::VARCHAR, $6::VARCHAR]) AND pg_catalog.pg_table_is_visible(pg_catalog.pg_class.oid) AND pg_catalog.pg_namespace.nspname != $7::VARCHAR
2026-06-07 06:43:07,529 INFO sqlalchemy.engine.Engine [cached since 0.08067s ago] ('users', 'r', 'p', 'f', 'v', 'm', 'pg_catalog')
2026-06-07 06:43:07,530 INFO sqlalchemy.engine.Engine SELECT pg_catalog.pg_class.relname 
FROM pg_catalog.pg_class JOIN pg_catalog.pg_namespace ON pg_catalog.pg_namespace.oid = pg_catalog.pg_class.relnamespace 
WHERE pg_catalog.pg_class.relname = $1::VARCHAR AND pg_catalog.pg_class.relkind = ANY (ARRAY[$2::VARCHAR, $3::VARCHAR, $4::VARCHAR, $5::VARCHAR, $6::VARCHAR]) AND pg_catalog.pg_table_is_visible(pg_catalog.pg_class.oid) AND pg_catalog.pg_namespace.nspname != $7::VARCHAR
2026-06-07 06:43:07,530 INFO sqlalchemy.engine.Engine [cached since 0.08092s ago] ('financial_years', 'r', 'p', 'f', 'v', 'm', 'pg_catalog')
2026-06-07 06:43:07,530 INFO sqlalchemy.engine.Engine SELECT pg_catalog.pg_class.relname 
FROM pg_catalog.pg_class JOIN pg_catalog.pg_namespace ON pg_catalog.pg_namespace.oid = pg_catalog.pg_class.relnamespace 
WHERE pg_catalog.pg_class.relname = $1::VARCHAR AND pg_catalog.pg_class.relkind = ANY (ARRAY[$2::VARCHAR, $3::VARCHAR, $4::VARCHAR, $5::VARCHAR, $6::VARCHAR]) AND pg_catalog.pg_table_is_visible(pg_catalog.pg_class.oid) AND pg_catalog.pg_namespace.nspname != $7::VARCHAR
2026-06-07 06:43:07,530 INFO sqlalchemy.engine.Engine [cached since 0.08128s ago] ('purchase_categories', 'r', 'p', 'f', 'v', 'm', 'pg_catalog')
2026-06-07 06:43:07,530 INFO sqlalchemy.engine.Engine SELECT pg_catalog.pg_class.relname 
FROM pg_catalog.pg_class JOIN pg_catalog.pg_namespace ON pg_catalog.pg_namespace.oid = pg_catalog.pg_class.relnamespace 
WHERE pg_catalog.pg_class.relname = $1::VARCHAR AND pg_catalog.pg_class.relkind = ANY (ARRAY[$2::VARCHAR, $3::VARCHAR, $4::VARCHAR, $5::VARCHAR, $6::VARCHAR]) AND pg_catalog.pg_table_is_visible(pg_catalog.pg_class.oid) AND pg_catalog.pg_namespace.nspname != $7::VARCHAR
2026-06-07 06:43:07,530 INFO sqlalchemy.engine.Engine [cached since 0.08156s ago] ('procurement_managers', 'r', 'p', 'f', 'v', 'm', 'pg_catalog')
2026-06-07 06:43:07,531 INFO sqlalchemy.engine.Engine SELECT pg_catalog.pg_class.relname 
FROM pg_catalog.pg_class JOIN pg_catalog.pg_namespace ON pg_catalog.pg_namespace.oid = pg_catalog.pg_class.relnamespace 
WHERE pg_catalog.pg_class.relname = $1::VARCHAR AND pg_catalog.pg_class.relkind = ANY (ARRAY[$2::VARCHAR, $3::VARCHAR, $4::VARCHAR, $5::VARCHAR, $6::VARCHAR]) AND pg_catalog.pg_table_is_visible(pg_catalog.pg_class.oid) AND pg_catalog.pg_namespace.nspname != $7::VARCHAR
2026-06-07 06:43:07,531 INFO sqlalchemy.engine.Engine [cached since 0.08186s ago] ('phase_managers', 'r', 'p', 'f', 'v', 'm', 'pg_catalog')
2026-06-07 06:43:07,531 INFO sqlalchemy.engine.Engine SELECT pg_catalog.pg_class.relname 
FROM pg_catalog.pg_class JOIN pg_catalog.pg_namespace ON pg_catalog.pg_namespace.oid = pg_catalog.pg_class.relnamespace 
WHERE pg_catalog.pg_class.relname = $1::VARCHAR AND pg_catalog.pg_class.relkind = ANY (ARRAY[$2::VARCHAR, $3::VARCHAR, $4::VARCHAR, $5::VARCHAR, $6::VARCHAR]) AND pg_catalog.pg_table_is_visible(pg_catalog.pg_class.oid) AND pg_catalog.pg_namespace.nspname != $7::VARCHAR
2026-06-07 06:43:07,531 INFO sqlalchemy.engine.Engine [cached since 0.08205s ago] ('budget_master', 'r', 'p', 'f', 'v', 'm', 'pg_catalog')
2026-06-07 06:43:07,531 INFO sqlalchemy.engine.Engine SELECT pg_catalog.pg_class.relname 
FROM pg_catalog.pg_class JOIN pg_catalog.pg_namespace ON pg_catalog.pg_namespace.oid = pg_catalog.pg_class.relnamespace 
WHERE pg_catalog.pg_class.relname = $1::VARCHAR AND pg_catalog.pg_class.relkind = ANY (ARRAY[$2::VARCHAR, $3::VARCHAR, $4::VARCHAR, $5::VARCHAR, $6::VARCHAR]) AND pg_catalog.pg_table_is_visible(pg_catalog.pg_class.oid) AND pg_catalog.pg_namespace.nspname != $7::VARCHAR
2026-06-07 06:43:07,531 INFO sqlalchemy.engine.Engine [cached since 0.08222s ago] ('settings', 'r', 'p', 'f', 'v', 'm', 'pg_catalog')
2026-06-07 06:43:07,531 INFO sqlalchemy.engine.Engine SELECT pg_catalog.pg_class.relname 
FROM pg_catalog.pg_class JOIN pg_catalog.pg_namespace ON pg_catalog.pg_namespace.oid = pg_catalog.pg_class.relnamespace 
WHERE pg_catalog.pg_class.relname = $1::VARCHAR AND pg_catalog.pg_class.relkind = ANY (ARRAY[$2::VARCHAR, $3::VARCHAR, $4::VARCHAR, $5::VARCHAR, $6::VARCHAR]) AND pg_catalog.pg_table_is_visible(pg_catalog.pg_class.oid) AND pg_catalog.pg_namespace.nspname != $7::VARCHAR
2026-06-07 06:43:07,531 INFO sqlalchemy.engine.Engine [cached since 0.08239s ago] ('tc_master', 'r', 'p', 'f', 'v', 'm', 'pg_catalog')
2026-06-07 06:43:07,531 INFO sqlalchemy.engine.Engine SELECT pg_catalog.pg_class.relname 
FROM pg_catalog.pg_class JOIN pg_catalog.pg_namespace ON pg_catalog.pg_namespace.oid = pg_catalog.pg_class.relnamespace 
WHERE pg_catalog.pg_class.relname = $1::VARCHAR AND pg_catalog.pg_class.relkind = ANY (ARRAY[$2::VARCHAR, $3::VARCHAR, $4::VARCHAR, $5::VARCHAR, $6::VARCHAR]) AND pg_catalog.pg_table_is_visible(pg_catalog.pg_class.oid) AND pg_catalog.pg_namespace.nspname != $7::VARCHAR
2026-06-07 06:43:07,531 INFO sqlalchemy.engine.Engine [cached since 0.08256s ago] ('purchase_requests', 'r', 'p', 'f', 'v', 'm', 'pg_catalog')
2026-06-07 06:43:07,531 INFO sqlalchemy.engine.Engine SELECT pg_catalog.pg_class.relname 
FROM pg_catalog.pg_class JOIN pg_catalog.pg_namespace ON pg_catalog.pg_namespace.oid = pg_catalog.pg_class.relnamespace 
WHERE pg_catalog.pg_class.relname = $1::VARCHAR AND pg_catalog.pg_class.relkind = ANY (ARRAY[$2::VARCHAR, $3::VARCHAR, $4::VARCHAR, $5::VARCHAR, $6::VARCHAR]) AND pg_catalog.pg_table_is_visible(pg_catalog.pg_class.oid) AND pg_catalog.pg_namespace.nspname != $7::VARCHAR
2026-06-07 06:43:07,531 INFO sqlalchemy.engine.Engine [cached since 0.08278s ago] ('purchase_request_items', 'r', 'p', 'f', 'v', 'm', 'pg_catalog')
2026-06-07 06:43:07,532 INFO sqlalchemy.engine.Engine SELECT pg_catalog.pg_class.relname 
FROM pg_catalog.pg_class JOIN pg_catalog.pg_namespace ON pg_catalog.pg_namespace.oid = pg_catalog.pg_class.relnamespace 
WHERE pg_catalog.pg_class.relname = $1::VARCHAR AND pg_catalog.pg_class.relkind = ANY (ARRAY[$2::VARCHAR, $3::VARCHAR, $4::VARCHAR, $5::VARCHAR, $6::VARCHAR]) AND pg_catalog.pg_table_is_visible(pg_catalog.pg_class.oid) AND pg_catalog.pg_namespace.nspname != $7::VARCHAR
2026-06-07 06:43:07,532 INFO sqlalchemy.engine.Engine [cached since 0.08298s ago] ('purchase_request_flows', 'r', 'p', 'f', 'v', 'm', 'pg_catalog')
2026-06-07 06:43:07,532 INFO sqlalchemy.engine.Engine SELECT pg_catalog.pg_class.relname 
FROM pg_catalog.pg_class JOIN pg_catalog.pg_namespace ON pg_catalog.pg_namespace.oid = pg_catalog.pg_class.relnamespace 
WHERE pg_catalog.pg_class.relname = $1::VARCHAR AND pg_catalog.pg_class.relkind = ANY (ARRAY[$2::VARCHAR, $3::VARCHAR, $4::VARCHAR, $5::VARCHAR, $6::VARCHAR]) AND pg_catalog.pg_table_is_visible(pg_catalog.pg_class.oid) AND pg_catalog.pg_namespace.nspname != $7::VARCHAR
2026-06-07 06:43:07,532 INFO sqlalchemy.engine.Engine [cached since 0.08318s ago] ('purchase_request_history', 'r', 'p', 'f', 'v', 'm', 'pg_catalog')
2026-06-07 06:43:07,532 INFO sqlalchemy.engine.Engine SELECT pg_catalog.pg_class.relname 
FROM pg_catalog.pg_class JOIN pg_catalog.pg_namespace ON pg_catalog.pg_namespace.oid = pg_catalog.pg_class.relnamespace 
WHERE pg_catalog.pg_class.relname = $1::VARCHAR AND pg_catalog.pg_class.relkind = ANY (ARRAY[$2::VARCHAR, $3::VARCHAR, $4::VARCHAR, $5::VARCHAR, $6::VARCHAR]) AND pg_catalog.pg_table_is_visible(pg_catalog.pg_class.oid) AND pg_catalog.pg_namespace.nspname != $7::VARCHAR
2026-06-07 06:43:07,532 INFO sqlalchemy.engine.Engine [cached since 0.08336s ago] ('purchase_request_assignments', 'r', 'p', 'f', 'v', 'm', 'pg_catalog')
2026-06-07 06:43:07,532 INFO sqlalchemy.engine.Engine SELECT pg_catalog.pg_class.relname 
FROM pg_catalog.pg_class JOIN pg_catalog.pg_namespace ON pg_catalog.pg_namespace.oid = pg_catalog.pg_class.relnamespace 
WHERE pg_catalog.pg_class.relname = $1::VARCHAR AND pg_catalog.pg_class.relkind = ANY (ARRAY[$2::VARCHAR, $3::VARCHAR, $4::VARCHAR, $5::VARCHAR, $6::VARCHAR]) AND pg_catalog.pg_table_is_visible(pg_catalog.pg_class.oid) AND pg_catalog.pg_namespace.nspname != $7::VARCHAR
2026-06-07 06:43:07,532 INFO sqlalchemy.engine.Engine [cached since 0.08355s ago] ('technical_evaluations', 'r', 'p', 'f', 'v', 'm', 'pg_catalog')
2026-06-07 06:43:07,532 INFO sqlalchemy.engine.Engine SELECT pg_catalog.pg_class.relname 
FROM pg_catalog.pg_class JOIN pg_catalog.pg_namespace ON pg_catalog.pg_namespace.oid = pg_catalog.pg_class.relnamespace 
WHERE pg_catalog.pg_class.relname = $1::VARCHAR AND pg_catalog.pg_class.relkind = ANY (ARRAY[$2::VARCHAR, $3::VARCHAR, $4::VARCHAR, $5::VARCHAR, $6::VARCHAR]) AND pg_catalog.pg_table_is_visible(pg_catalog.pg_class.oid) AND pg_catalog.pg_namespace.nspname != $7::VARCHAR
2026-06-07 06:43:07,532 INFO sqlalchemy.engine.Engine [cached since 0.08372s ago] ('financial_evaluations', 'r', 'p', 'f', 'v', 'm', 'pg_catalog')
2026-06-07 06:43:07,533 INFO sqlalchemy.engine.Engine SELECT pg_catalog.pg_class.relname 
FROM pg_catalog.pg_class JOIN pg_catalog.pg_namespace ON pg_catalog.pg_namespace.oid = pg_catalog.pg_class.relnamespace 
WHERE pg_catalog.pg_class.relname = $1::VARCHAR AND pg_catalog.pg_class.relkind = ANY (ARRAY[$2::VARCHAR, $3::VARCHAR, $4::VARCHAR, $5::VARCHAR, $6::VARCHAR]) AND pg_catalog.pg_table_is_visible(pg_catalog.pg_class.oid) AND pg_catalog.pg_namespace.nspname != $7::VARCHAR
2026-06-07 06:43:07,533 INFO sqlalchemy.engine.Engine [cached since 0.08392s ago] ('commercial_evaluations', 'r', 'p', 'f', 'v', 'm', 'pg_catalog')
2026-06-07 06:43:07,533 INFO sqlalchemy.engine.Engine SELECT pg_catalog.pg_class.relname 
FROM pg_catalog.pg_class JOIN pg_catalog.pg_namespace ON pg_catalog.pg_namespace.oid = pg_catalog.pg_class.relnamespace 
WHERE pg_catalog.pg_class.relname = $1::VARCHAR AND pg_catalog.pg_class.relkind = ANY (ARRAY[$2::VARCHAR, $3::VARCHAR, $4::VARCHAR, $5::VARCHAR, $6::VARCHAR]) AND pg_catalog.pg_table_is_visible(pg_catalog.pg_class.oid) AND pg_catalog.pg_namespace.nspname != $7::VARCHAR
2026-06-07 06:43:07,533 INFO sqlalchemy.engine.Engine [cached since 0.0841s ago] ('documents', 'r', 'p', 'f', 'v', 'm', 'pg_catalog')
2026-06-07 06:43:07,533 INFO sqlalchemy.engine.Engine SELECT pg_catalog.pg_class.relname 
FROM pg_catalog.pg_class JOIN pg_catalog.pg_namespace ON pg_catalog.pg_namespace.oid = pg_catalog.pg_class.relnamespace 
WHERE pg_catalog.pg_class.relname = $1::VARCHAR AND pg_catalog.pg_class.relkind = ANY (ARRAY[$2::VARCHAR, $3::VARCHAR, $4::VARCHAR, $5::VARCHAR, $6::VARCHAR]) AND pg_catalog.pg_table_is_visible(pg_catalog.pg_class.oid) AND pg_catalog.pg_namespace.nspname != $7::VARCHAR
2026-06-07 06:43:07,533 INFO sqlalchemy.engine.Engine [cached since 0.08431s ago] ('workflow_hierarchies', 'r', 'p', 'f', 'v', 'm', 'pg_catalog')
2026-06-07 06:43:07,533 INFO sqlalchemy.engine.Engine SELECT pg_catalog.pg_class.relname 
FROM pg_catalog.pg_class JOIN pg_catalog.pg_namespace ON pg_catalog.pg_namespace.oid = pg_catalog.pg_class.relnamespace 
WHERE pg_catalog.pg_class.relname = $1::VARCHAR AND pg_catalog.pg_class.relkind = ANY (ARRAY[$2::VARCHAR, $3::VARCHAR, $4::VARCHAR, $5::VARCHAR, $6::VARCHAR]) AND pg_catalog.pg_table_is_visible(pg_catalog.pg_class.oid) AND pg_catalog.pg_namespace.nspname != $7::VARCHAR
2026-06-07 06:43:07,533 INFO sqlalchemy.engine.Engine [cached since 0.08449s ago] ('vendor_master', 'r', 'p', 'f', 'v', 'm', 'pg_catalog')
2026-06-07 06:43:07,533 INFO sqlalchemy.engine.Engine SELECT pg_catalog.pg_class.relname 
FROM pg_catalog.pg_class JOIN pg_catalog.pg_namespace ON pg_catalog.pg_namespace.oid = pg_catalog.pg_class.relnamespace 
WHERE pg_catalog.pg_class.relname = $1::VARCHAR AND pg_catalog.pg_class.relkind = ANY (ARRAY[$2::VARCHAR, $3::VARCHAR, $4::VARCHAR, $5::VARCHAR, $6::VARCHAR]) AND pg_catalog.pg_table_is_visible(pg_catalog.pg_class.oid) AND pg_catalog.pg_namespace.nspname != $7::VARCHAR
2026-06-07 06:43:07,533 INFO sqlalchemy.engine.Engine [cached since 0.08468s ago] ('email_queue', 'r', 'p', 'f', 'v', 'm', 'pg_catalog')
2026-06-07 06:43:07,534 INFO sqlalchemy.engine.Engine SELECT pg_catalog.pg_class.relname 
FROM pg_catalog.pg_class JOIN pg_catalog.pg_namespace ON pg_catalog.pg_namespace.oid = pg_catalog.pg_class.relnamespace 
WHERE pg_catalog.pg_class.relname = $1::VARCHAR AND pg_catalog.pg_class.relkind = ANY (ARRAY[$2::VARCHAR, $3::VARCHAR, $4::VARCHAR, $5::VARCHAR, $6::VARCHAR]) AND pg_catalog.pg_table_is_visible(pg_catalog.pg_class.oid) AND pg_catalog.pg_namespace.nspname != $7::VARCHAR
2026-06-07 06:43:07,534 INFO sqlalchemy.engine.Engine [cached since 0.08495s ago] ('po_cancellations', 'r', 'p', 'f', 'v', 'm', 'pg_catalog')
2026-06-07 06:43:07,534 INFO sqlalchemy.engine.Engine SELECT pg_catalog.pg_class.relname 
FROM pg_catalog.pg_class JOIN pg_catalog.pg_namespace ON pg_catalog.pg_namespace.oid = pg_catalog.pg_class.relnamespace 
WHERE pg_catalog.pg_class.relname = $1::VARCHAR AND pg_catalog.pg_class.relkind = ANY (ARRAY[$2::VARCHAR, $3::VARCHAR, $4::VARCHAR, $5::VARCHAR, $6::VARCHAR]) AND pg_catalog.pg_table_is_visible(pg_catalog.pg_class.oid) AND pg_catalog.pg_namespace.nspname != $7::VARCHAR
2026-06-07 06:43:07,534 INFO sqlalchemy.engine.Engine [cached since 0.08514s ago] ('tender_cancellations', 'r', 'p', 'f', 'v', 'm', 'pg_catalog')
2026-06-07 06:43:07,534 INFO sqlalchemy.engine.Engine SELECT pg_catalog.pg_class.relname 
FROM pg_catalog.pg_class JOIN pg_catalog.pg_namespace ON pg_catalog.pg_namespace.oid = pg_catalog.pg_class.relnamespace 
WHERE pg_catalog.pg_class.relname = $1::VARCHAR AND pg_catalog.pg_class.relkind = ANY (ARRAY[$2::VARCHAR, $3::VARCHAR, $4::VARCHAR, $5::VARCHAR, $6::VARCHAR]) AND pg_catalog.pg_table_is_visible(pg_catalog.pg_class.oid) AND pg_catalog.pg_namespace.nspname != $7::VARCHAR
2026-06-07 06:43:07,534 INFO sqlalchemy.engine.Engine [cached since 0.08532s ago] ('bill_passings', 'r', 'p', 'f', 'v', 'm', 'pg_catalog')
2026-06-07 06:43:07,534 INFO sqlalchemy.engine.Engine SELECT pg_catalog.pg_class.relname 
FROM pg_catalog.pg_class JOIN pg_catalog.pg_namespace ON pg_catalog.pg_namespace.oid = pg_catalog.pg_class.relnamespace 
WHERE pg_catalog.pg_class.relname = $1::VARCHAR AND pg_catalog.pg_class.relkind = ANY (ARRAY[$2::VARCHAR, $3::VARCHAR, $4::VARCHAR, $5::VARCHAR, $6::VARCHAR]) AND pg_catalog.pg_table_is_visible(pg_catalog.pg_class.oid) AND pg_catalog.pg_namespace.nspname != $7::VARCHAR
2026-06-07 06:43:07,534 INFO sqlalchemy.engine.Engine [cached since 0.08551s ago] ('pr_referrals', 'r', 'p', 'f', 'v', 'm', 'pg_catalog')
2026-06-07 06:43:07,534 INFO sqlalchemy.engine.Engine SELECT pg_catalog.pg_class.relname 
FROM pg_catalog.pg_class JOIN pg_catalog.pg_namespace ON pg_catalog.pg_namespace.oid = pg_catalog.pg_class.relnamespace 
WHERE pg_catalog.pg_class.relname = $1::VARCHAR AND pg_catalog.pg_class.relkind = ANY (ARRAY[$2::VARCHAR, $3::VARCHAR, $4::VARCHAR, $5::VARCHAR, $6::VARCHAR]) AND pg_catalog.pg_table_is_visible(pg_catalog.pg_class.oid) AND pg_catalog.pg_namespace.nspname != $7::VARCHAR
2026-06-07 06:43:07,534 INFO sqlalchemy.engine.Engine [cached since 0.0857s ago] ('deliveries', 'r', 'p', 'f', 'v', 'm', 'pg_catalog')
2026-06-07 06:43:07,535 INFO sqlalchemy.engine.Engine SELECT pg_catalog.pg_class.relname 
FROM pg_catalog.pg_class JOIN pg_catalog.pg_namespace ON pg_catalog.pg_namespace.oid = pg_catalog.pg_class.relnamespace 
WHERE pg_catalog.pg_class.relname = $1::VARCHAR AND pg_catalog.pg_class.relkind = ANY (ARRAY[$2::VARCHAR, $3::VARCHAR, $4::VARCHAR, $5::VARCHAR, $6::VARCHAR]) AND pg_catalog.pg_table_is_visible(pg_catalog.pg_class.oid) AND pg_catalog.pg_namespace.nspname != $7::VARCHAR
2026-06-07 06:43:07,535 INFO sqlalchemy.engine.Engine [cached since 0.08587s ago] ('delivery_items', 'r', 'p', 'f', 'v', 'm', 'pg_catalog')
2026-06-07 06:43:07,535 INFO sqlalchemy.engine.Engine SELECT pg_catalog.pg_class.relname 
FROM pg_catalog.pg_class JOIN pg_catalog.pg_namespace ON pg_catalog.pg_namespace.oid = pg_catalog.pg_class.relnamespace 
WHERE pg_catalog.pg_class.relname = $1::VARCHAR AND pg_catalog.pg_class.relkind = ANY (ARRAY[$2::VARCHAR, $3::VARCHAR, $4::VARCHAR, $5::VARCHAR, $6::VARCHAR]) AND pg_catalog.pg_table_is_visible(pg_catalog.pg_class.oid) AND pg_catalog.pg_namespace.nspname != $7::VARCHAR
2026-06-07 06:43:07,535 INFO sqlalchemy.engine.Engine [cached since 0.08604s ago] ('dept_asset_logs', 'r', 'p', 'f', 'v', 'm', 'pg_catalog')
2026-06-07 06:43:07,535 INFO sqlalchemy.engine.Engine SELECT pg_catalog.pg_class.relname 
FROM pg_catalog.pg_class JOIN pg_catalog.pg_namespace ON pg_catalog.pg_namespace.oid = pg_catalog.pg_class.relnamespace 
WHERE pg_catalog.pg_class.relname = $1::VARCHAR AND pg_catalog.pg_class.relkind = ANY (ARRAY[$2::VARCHAR, $3::VARCHAR, $4::VARCHAR, $5::VARCHAR, $6::VARCHAR]) AND pg_catalog.pg_table_is_visible(pg_catalog.pg_class.oid) AND pg_catalog.pg_namespace.nspname != $7::VARCHAR
2026-06-07 06:43:07,535 INFO sqlalchemy.engine.Engine [cached since 0.0862s ago] ('stores_asset_logs', 'r', 'p', 'f', 'v', 'm', 'pg_catalog')
2026-06-07 06:43:07,535 INFO sqlalchemy.engine.Engine SELECT pg_catalog.pg_class.relname 
FROM pg_catalog.pg_class JOIN pg_catalog.pg_namespace ON pg_catalog.pg_namespace.oid = pg_catalog.pg_class.relnamespace 
WHERE pg_catalog.pg_class.relname = $1::VARCHAR AND pg_catalog.pg_class.relkind = ANY (ARRAY[$2::VARCHAR, $3::VARCHAR, $4::VARCHAR, $5::VARCHAR, $6::VARCHAR]) AND pg_catalog.pg_table_is_visible(pg_catalog.pg_class.oid) AND pg_catalog.pg_namespace.nspname != $7::VARCHAR
2026-06-07 06:43:07,535 INFO sqlalchemy.engine.Engine [cached since 0.08637s ago] ('discrepancies', 'r', 'p', 'f', 'v', 'm', 'pg_catalog')
2026-06-07 06:43:07,535 INFO sqlalchemy.engine.Engine SELECT pg_catalog.pg_class.relname 
FROM pg_catalog.pg_class JOIN pg_catalog.pg_namespace ON pg_catalog.pg_namespace.oid = pg_catalog.pg_class.relnamespace 
WHERE pg_catalog.pg_class.relname = $1::VARCHAR AND pg_catalog.pg_class.relkind = ANY (ARRAY[$2::VARCHAR, $3::VARCHAR, $4::VARCHAR, $5::VARCHAR, $6::VARCHAR]) AND pg_catalog.pg_table_is_visible(pg_catalog.pg_class.oid) AND pg_catalog.pg_namespace.nspname != $7::VARCHAR
2026-06-07 06:43:07,535 INFO sqlalchemy.engine.Engine [cached since 0.08653s ago] ('payments', 'r', 'p', 'f', 'v', 'm', 'pg_catalog')
2026-06-07 06:43:07,535 INFO sqlalchemy.engine.Engine SELECT pg_catalog.pg_class.relname 
FROM pg_catalog.pg_class JOIN pg_catalog.pg_namespace ON pg_catalog.pg_namespace.oid = pg_catalog.pg_class.relnamespace 
WHERE pg_catalog.pg_class.relname = $1::VARCHAR AND pg_catalog.pg_class.relkind = ANY (ARRAY[$2::VARCHAR, $3::VARCHAR, $4::VARCHAR, $5::VARCHAR, $6::VARCHAR]) AND pg_catalog.pg_table_is_visible(pg_catalog.pg_class.oid) AND pg_catalog.pg_namespace.nspname != $7::VARCHAR
2026-06-07 06:43:07,535 INFO sqlalchemy.engine.Engine [cached since 0.0867s ago] ('assets', 'r', 'p', 'f', 'v', 'm', 'pg_catalog')
2026-06-07 06:43:07,536 INFO sqlalchemy.engine.Engine SELECT pg_catalog.pg_class.relname 
FROM pg_catalog.pg_class JOIN pg_catalog.pg_namespace ON pg_catalog.pg_namespace.oid = pg_catalog.pg_class.relnamespace 
WHERE pg_catalog.pg_class.relname = $1::VARCHAR AND pg_catalog.pg_class.relkind = ANY (ARRAY[$2::VARCHAR, $3::VARCHAR, $4::VARCHAR, $5::VARCHAR, $6::VARCHAR]) AND pg_catalog.pg_table_is_visible(pg_catalog.pg_class.oid) AND pg_catalog.pg_namespace.nspname != $7::VARCHAR
2026-06-07 06:43:07,536 INFO sqlalchemy.engine.Engine [cached since 0.08697s ago] ('asset_movements', 'r', 'p', 'f', 'v', 'm', 'pg_catalog')
2026-06-07 06:43:07,536 INFO sqlalchemy.engine.Engine SELECT pg_catalog.pg_class.relname 
FROM pg_catalog.pg_class JOIN pg_catalog.pg_namespace ON pg_catalog.pg_namespace.oid = pg_catalog.pg_class.relnamespace 
WHERE pg_catalog.pg_class.relname = $1::VARCHAR AND pg_catalog.pg_class.relkind = ANY (ARRAY[$2::VARCHAR, $3::VARCHAR, $4::VARCHAR, $5::VARCHAR, $6::VARCHAR]) AND pg_catalog.pg_table_is_visible(pg_catalog.pg_class.oid) AND pg_catalog.pg_namespace.nspname != $7::VARCHAR
2026-06-07 06:43:07,536 INFO sqlalchemy.engine.Engine [cached since 0.08714s ago] ('asset_logs', 'r', 'p', 'f', 'v', 'm', 'pg_catalog')
2026-06-07 06:43:07,537 INFO sqlalchemy.engine.Engine 
CREATE TABLE departments (
	id SERIAL NOT NULL, 
	name VARCHAR(255) NOT NULL, 
	short_code VARCHAR(20) NOT NULL, 
	expert1_id INTEGER, 
	expert2_id INTEGER, 
	director_faculty_id INTEGER, 
	PRIMARY KEY (id), 
	UNIQUE (short_code)
)


2026-06-07 06:43:07,537 INFO sqlalchemy.engine.Engine [no key 0.00005s] ()
2026-06-07 06:43:07,544 INFO sqlalchemy.engine.Engine 
CREATE TABLE role_managers (
	id SERIAL NOT NULL, 
	name VARCHAR(100) NOT NULL, 
	value VARCHAR(50) NOT NULL, 
	group_key VARCHAR(50) NOT NULL, 
	PRIMARY KEY (id), 
	UNIQUE (value)
)


2026-06-07 06:43:07,544 INFO sqlalchemy.engine.Engine [no key 0.00006s] ()
2026-06-07 06:43:07,546 INFO sqlalchemy.engine.Engine 
CREATE TABLE financial_years (
	id SERIAL NOT NULL, 
	label VARCHAR(9) NOT NULL, 
	start_date DATE NOT NULL, 
	end_date DATE NOT NULL, 
	is_active BOOLEAN NOT NULL, 
	is_closed BOOLEAN NOT NULL, 
	PRIMARY KEY (id)
)


2026-06-07 06:43:07,546 INFO sqlalchemy.engine.Engine [no key 0.00005s] ()
2026-06-07 06:43:07,548 INFO sqlalchemy.engine.Engine 
CREATE TABLE procurement_managers (
	id SERIAL NOT NULL, 
	name VARCHAR(100) NOT NULL, 
	description VARCHAR(255), 
	max_amount FLOAT, 
	form_schema JSON, 
	PRIMARY KEY (id), 
	UNIQUE (name)
)


2026-06-07 06:43:07,548 INFO sqlalchemy.engine.Engine [no key 0.00005s] ()
2026-06-07 06:43:07,551 INFO sqlalchemy.engine.Engine 
CREATE TABLE phase_managers (
	id SERIAL NOT NULL, 
	phase_name VARCHAR(50) NOT NULL, 
	description VARCHAR(255), 
	phase_order INTEGER NOT NULL, 
	PRIMARY KEY (id), 
	UNIQUE (phase_name)
)


2026-06-07 06:43:07,551 INFO sqlalchemy.engine.Engine [no key 0.00004s] ()
2026-06-07 06:43:07,554 INFO sqlalchemy.engine.Engine 
CREATE TABLE settings (
	id SERIAL NOT NULL, 
	key_name VARCHAR(255) NOT NULL, 
	value VARCHAR(1024) NOT NULL, 
	updated_at TIMESTAMP WITHOUT TIME ZONE NOT NULL, 
	PRIMARY KEY (id), 
	UNIQUE (key_name)
)


2026-06-07 06:43:07,554 INFO sqlalchemy.engine.Engine [no key 0.00005s] ()
2026-06-07 06:43:07,557 INFO sqlalchemy.engine.Engine 
CREATE TABLE tc_master (
	id SERIAL NOT NULL, 
	title VARCHAR(255) NOT NULL, 
	content TEXT NOT NULL, 
	created_at TIMESTAMP WITHOUT TIME ZONE NOT NULL, 
	PRIMARY KEY (id)
)


2026-06-07 06:43:07,557 INFO sqlalchemy.engine.Engine [no key 0.00005s] ()
2026-06-07 06:43:07,560 INFO sqlalchemy.engine.Engine 
CREATE TABLE vendor_master (
	id SERIAL NOT NULL, 
	vendor_name VARCHAR(255) NOT NULL, 
	email VARCHAR(255) NOT NULL, 
	contact_number VARCHAR(20), 
	address VARCHAR(500), 
	pincode VARCHAR(10), 
	gst_number VARCHAR(15), 
	created_at TIMESTAMP WITHOUT TIME ZONE NOT NULL, 
	PRIMARY KEY (id), 
	UNIQUE (email)
)


2026-06-07 06:43:07,560 INFO sqlalchemy.engine.Engine [no key 0.00004s] ()
2026-06-07 06:43:07,563 INFO sqlalchemy.engine.Engine 
CREATE TABLE email_queue (
	id SERIAL NOT NULL, 
	subject VARCHAR(255) NOT NULL, 
	body TEXT NOT NULL, 
	recipient VARCHAR(255) NOT NULL, 
	attachments JSON, 
	sent BOOLEAN NOT NULL, 
	error_message TEXT, 
	created_at TIMESTAMP WITHOUT TIME ZONE NOT NULL, 
	sent_at TIMESTAMP WITHOUT TIME ZONE, 
	PRIMARY KEY (id)
)


2026-06-07 06:43:07,563 INFO sqlalchemy.engine.Engine [no key 0.00005s] ()
2026-06-07 06:43:07,566 INFO sqlalchemy.engine.Engine 
CREATE TABLE users (
	id SERIAL NOT NULL, 
	title VARCHAR(50), 
	name VARCHAR(255) NOT NULL, 
	email VARCHAR(255) NOT NULL, 
	hashed_password VARCHAR(255) NOT NULL, 
	designation VARCHAR(255) NOT NULL, 
	gender VARCHAR(20) NOT NULL, 
	role_id INTEGER, 
	department_id INTEGER, 
	is_active BOOLEAN NOT NULL, 
	signature_path VARCHAR(500), 
	is_approved BOOLEAN NOT NULL, 
	last_login_at TIMESTAMP WITHOUT TIME ZONE, 
	created_at TIMESTAMP WITHOUT TIME ZONE NOT NULL, 
	PRIMARY KEY (id), 
	UNIQUE (email), 
	FOREIGN KEY(role_id) REFERENCES role_managers (id), 
	FOREIGN KEY(department_id) REFERENCES departments (id)
)


2026-06-07 06:43:07,566 INFO sqlalchemy.engine.Engine [no key 0.00005s] ()
2026-06-07 06:43:07,570 INFO sqlalchemy.engine.Engine 
CREATE TABLE purchase_categories (
	id SERIAL NOT NULL, 
	title VARCHAR(255) NOT NULL, 
	min_amount FLOAT NOT NULL, 
	max_amount FLOAT NOT NULL, 
	is_active BOOLEAN NOT NULL, 
	procurement_id INTEGER NOT NULL, 
	requirement_type VARCHAR(100), 
	created_at TIMESTAMP WITHOUT TIME ZONE NOT NULL, 
	PRIMARY KEY (id), 
	FOREIGN KEY(procurement_id) REFERENCES procurement_managers (id) ON DELETE CASCADE
)


2026-06-07 06:43:07,570 INFO sqlalchemy.engine.Engine [no key 0.00006s] ()
2026-06-07 06:43:07,573 INFO sqlalchemy.engine.Engine 
CREATE TABLE budget_master (
	id SERIAL NOT NULL, 
	department_id INTEGER, 
	financial_year_id INTEGER NOT NULL, 
	expenditure_category VARCHAR(255) NOT NULL, 
	item_name VARCHAR(255) NOT NULL, 
	category VARCHAR(255) NOT NULL, 
	course_code VARCHAR(255) NOT NULL, 
	unit_cost FLOAT NOT NULL, 
	quantity INTEGER NOT NULL, 
	total_allocation FLOAT NOT NULL, 
	file_no VARCHAR(64) NOT NULL, 
	is_revision BOOLEAN NOT NULL, 
	committed_amount FLOAT NOT NULL, 
	utilized_amount FLOAT NOT NULL, 
	created_at TIMESTAMP WITHOUT TIME ZONE NOT NULL, 
	expert1_id INTEGER, 
	expert2_id INTEGER, 
	director_faculty_id INTEGER, 
	allocated_initiator_id INTEGER, 
	PRIMARY KEY (id), 
	FOREIGN KEY(department_id) REFERENCES departments (id), 
	FOREIGN KEY(financial_year_id) REFERENCES financial_years (id), 
	FOREIGN KEY(expert1_id) REFERENCES users (id) ON DELETE SET NULL, 
	FOREIGN KEY(expert2_id) REFERENCES users (id) ON DELETE SET NULL, 
	FOREIGN KEY(director_faculty_id) REFERENCES users (id) ON DELETE SET NULL, 
	FOREIGN KEY(allocated_initiator_id) REFERENCES users (id) ON DELETE SET NULL
)


2026-06-07 06:43:07,573 INFO sqlalchemy.engine.Engine [no key 0.00005s] ()
2026-06-07 06:43:07,577 INFO sqlalchemy.engine.Engine 
CREATE TABLE purchase_requests (
	id SERIAL NOT NULL, 
	icr_number VARCHAR(100), 
	category_id INTEGER NOT NULL, 
	financial_year_id INTEGER NOT NULL, 
	initiator_id INTEGER NOT NULL, 
	nominee_id INTEGER, 
	procurement_id INTEGER NOT NULL, 
	purchase_type VARCHAR(50) NOT NULL, 
	current_status VARCHAR(50) NOT NULL, 
	amount FLOAT NOT NULL, 
	emd FLOAT NOT NULL, 
	performance_security FLOAT NOT NULL, 
	vendor_list_link VARCHAR(500), 
	is_item_split BOOLEAN NOT NULL, 
	item_split_justification TEXT, 
	is_quantity_split BOOLEAN NOT NULL, 
	quantity_split_details TEXT, 
	is_service_center_in_south BOOLEAN NOT NULL, 
	service_center_south_desc VARCHAR(500), 
	basis_of_estimate_details TEXT, 
	delivery_mode VARCHAR(255), 
	delivery_location VARCHAR(255), 
	exemption BOOLEAN NOT NULL, 
	exemption_remarks TEXT, 
	is_training_required BOOLEAN NOT NULL, 
	training_type VARCHAR(255), 
	training_vendor VARCHAR(255), 
	training_comments VARCHAR(500), 
	tender_reference_number VARCHAR(255), 
	date_of_tender DATE, 
	date_of_tech_bid_opening DATE, 
	date_of_financial_bid_opening DATE, 
	aa_approved_at TIMESTAMP WITHOUT TIME ZONE, 
	te_initiated_at TIMESTAMP WITHOUT TIME ZONE, 
	te_approved_at TIMESTAMP WITHOUT TIME ZONE, 
	fs_initiated_at TIMESTAMP WITHOUT TIME ZONE, 
	fs_approved_at TIMESTAMP WITHOUT TIME ZONE, 
	po_initiated_at TIMESTAMP WITHOUT TIME ZONE, 
	po_approved_at TIMESTAMP WITHOUT TIME ZONE, 
	faculty1_id INTEGER, 
	faculty2_id INTEGER, 
	faculty3_id INTEGER, 
	aa_approver_id INTEGER, 
	form_data JSON, 
	parent_pr_id INTEGER, 
	lpc_remarks TEXT, 
	lpc_committee_members TEXT, 
	lpc_minutes_reference VARCHAR(255), 
	single_bid_justification TEXT, 
	created_at TIMESTAMP WITHOUT TIME ZONE NOT NULL, 
	PRIMARY KEY (id), 
	UNIQUE (icr_number), 
	FOREIGN KEY(category_id) REFERENCES purchase_categories (id), 
	FOREIGN KEY(financial_year_id) REFERENCES financial_years (id), 
	FOREIGN KEY(initiator_id) REFERENCES users (id), 
	FOREIGN KEY(nominee_id) REFERENCES users (id), 
	FOREIGN KEY(procurement_id) REFERENCES procurement_managers (id), 
	FOREIGN KEY(faculty1_id) REFERENCES users (id), 
	FOREIGN KEY(faculty2_id) REFERENCES users (id), 
	FOREIGN KEY(faculty3_id) REFERENCES users (id), 
	FOREIGN KEY(aa_approver_id) REFERENCES users (id), 
	FOREIGN KEY(parent_pr_id) REFERENCES purchase_requests (id)
)


2026-06-07 06:43:07,577 INFO sqlalchemy.engine.Engine [no key 0.00006s] ()
2026-06-07 06:43:07,583 INFO sqlalchemy.engine.Engine 
CREATE TABLE workflow_hierarchies (
	id SERIAL NOT NULL, 
	user_id INTEGER, 
	category_id INTEGER NOT NULL, 
	phase_id INTEGER NOT NULL, 
	procurement_id INTEGER NOT NULL, 
	step_order INTEGER NOT NULL, 
	user_type VARCHAR(255) NOT NULL, 
	user_group VARCHAR(100), 
	role_id INTEGER, 
	purchase_type VARCHAR(100) NOT NULL, 
	is_enabled BOOLEAN NOT NULL, 
	tender_vendors_threshold INTEGER, 
	tender_vendors_comparison VARCHAR(20), 
	skip_condition VARCHAR(500), 
	condition_field VARCHAR(100), 
	condition_operator VARCHAR(20), 
	condition_value INTEGER, 
	PRIMARY KEY (id), 
	FOREIGN KEY(user_id) REFERENCES users (id), 
	FOREIGN KEY(category_id) REFERENCES purchase_categories (id) ON DELETE CASCADE, 
	FOREIGN KEY(phase_id) REFERENCES phase_managers (id), 
	FOREIGN KEY(procurement_id) REFERENCES procurement_managers (id) ON DELETE CASCADE, 
	FOREIGN KEY(role_id) REFERENCES role_managers (id)
)


2026-06-07 06:43:07,583 INFO sqlalchemy.engine.Engine [no key 0.00005s] ()
2026-06-07 06:43:07,589 INFO sqlalchemy.engine.Engine 
CREATE TABLE purchase_request_items (
	id SERIAL NOT NULL, 
	purchase_request_id INTEGER NOT NULL, 
	budget_file_id INTEGER NOT NULL, 
	item_description VARCHAR(500) NOT NULL, 
	quantity INTEGER NOT NULL, 
	estimated_total FLOAT NOT NULL, 
	charges FLOAT, 
	requirement_type VARCHAR(100) NOT NULL, 
	availability VARCHAR(100) NOT NULL, 
	availability_remarks TEXT, 
	site_readiness BOOLEAN NOT NULL, 
	site_readiness_remarks TEXT, 
	warranty FLOAT, 
	delivery_period FLOAT, 
	present_stock VARCHAR(255), 
	justification_for_procurement TEXT, 
	previous_file_no_reference VARCHAR(255), 
	installation_required BOOLEAN NOT NULL, 
	tech_specs_text TEXT, 
	gem_link VARCHAR(500), 
	PRIMARY KEY (id), 
	FOREIGN KEY(purchase_request_id) REFERENCES purchase_requests (id), 
	FOREIGN KEY(budget_file_id) REFERENCES budget_master (id)
)


2026-06-07 06:43:07,589 INFO sqlalchemy.engine.Engine [no key 0.00007s] ()
2026-06-07 06:43:07,592 INFO sqlalchemy.engine.Engine 
CREATE TABLE purchase_request_flows (
	id SERIAL NOT NULL, 
	purchase_request_id INTEGER NOT NULL, 
	phase_id INTEGER NOT NULL, 
	step_order INTEGER NOT NULL, 
	rejected BOOLEAN NOT NULL, 
	PRIMARY KEY (id), 
	UNIQUE (purchase_request_id), 
	FOREIGN KEY(purchase_request_id) REFERENCES purchase_requests (id), 
	FOREIGN KEY(phase_id) REFERENCES phase_managers (id)
)


2026-06-07 06:43:07,592 INFO sqlalchemy.engine.Engine [no key 0.00005s] ()
2026-06-07 06:43:07,594 INFO sqlalchemy.engine.Engine 
CREATE TABLE purchase_request_history (
	id SERIAL NOT NULL, 
	purchase_request_id INTEGER NOT NULL, 
	current_approver_id INTEGER, 
	status VARCHAR(255) NOT NULL, 
	remarks TEXT, 
	acted_at TIMESTAMP WITHOUT TIME ZONE, 
	frozen_actor_name VARCHAR(255), 
	frozen_title VARCHAR(50), 
	frozen_designation VARCHAR(255), 
	frozen_department VARCHAR(255), 
	frozen_signature_path VARCHAR(500), 
	PRIMARY KEY (id), 
	FOREIGN KEY(purchase_request_id) REFERENCES purchase_requests (id), 
	FOREIGN KEY(current_approver_id) REFERENCES users (id)
)


2026-06-07 06:43:07,594 INFO sqlalchemy.engine.Engine [no key 0.00005s] ()
2026-06-07 06:43:07,597 INFO sqlalchemy.engine.Engine 
CREATE TABLE purchase_request_assignments (
	id SERIAL NOT NULL, 
	purchase_request_id INTEGER NOT NULL, 
	assigned_by_id INTEGER NOT NULL, 
	assigned_da_id INTEGER NOT NULL, 
	status VARCHAR(50) NOT NULL, 
	assigned_at TIMESTAMP WITHOUT TIME ZONE NOT NULL, 
	PRIMARY KEY (id), 
	FOREIGN KEY(purchase_request_id) REFERENCES purchase_requests (id), 
	FOREIGN KEY(assigned_by_id) REFERENCES users (id), 
	FOREIGN KEY(assigned_da_id) REFERENCES users (id)
)


2026-06-07 06:43:07,597 INFO sqlalchemy.engine.Engine [no key 0.00006s] ()
2026-06-07 06:43:07,600 INFO sqlalchemy.engine.Engine 
CREATE TABLE technical_evaluations (
	id SERIAL NOT NULL, 
	purchase_request_id INTEGER NOT NULL, 
	vendor_name VARCHAR(255) NOT NULL, 
	is_qualified BOOLEAN NOT NULL, 
	remarks TEXT, 
	created_at TIMESTAMP WITHOUT TIME ZONE, 
	PRIMARY KEY (id), 
	FOREIGN KEY(purchase_request_id) REFERENCES purchase_requests (id)
)


2026-06-07 06:43:07,600 INFO sqlalchemy.engine.Engine [no key 0.00005s] ()
2026-06-07 06:43:07,602 INFO sqlalchemy.engine.Engine 
CREATE TABLE financial_evaluations (
	id SERIAL NOT NULL, 
	purchase_request_id INTEGER NOT NULL, 
	vendor_name VARCHAR(255) NOT NULL, 
	quoted_amount FLOAT NOT NULL, 
	ranking VARCHAR(10), 
	is_awarded BOOLEAN NOT NULL, 
	remarks TEXT, 
	unit_price FLOAT, 
	taxes FLOAT, 
	delivery_period INTEGER, 
	warranty INTEGER, 
	created_at TIMESTAMP WITHOUT TIME ZONE NOT NULL, 
	PRIMARY KEY (id), 
	FOREIGN KEY(purchase_request_id) REFERENCES purchase_requests (id)
)


2026-06-07 06:43:07,602 INFO sqlalchemy.engine.Engine [no key 0.00004s] ()
2026-06-07 06:43:07,605 INFO sqlalchemy.engine.Engine 
CREATE TABLE commercial_evaluations (
	id SERIAL NOT NULL, 
	purchase_request_id INTEGER NOT NULL, 
	vendor_name VARCHAR(255) NOT NULL, 
	vendor_email VARCHAR(255), 
	quoted_amount FLOAT, 
	is_qualified BOOLEAN NOT NULL, 
	remarks TEXT, 
	PRIMARY KEY (id), 
	FOREIGN KEY(purchase_request_id) REFERENCES purchase_requests (id)
)


2026-06-07 06:43:07,605 INFO sqlalchemy.engine.Engine [no key 0.00004s] ()
2026-06-07 06:43:07,607 INFO sqlalchemy.engine.Engine 
CREATE TABLE documents (
	id SERIAL NOT NULL, 
	purchase_request_id INTEGER NOT NULL, 
	doc_key VARCHAR(255) NOT NULL, 
	doc_value JSON NOT NULL, 
	uploaded_by_id INTEGER, 
	updated_at TIMESTAMP WITHOUT TIME ZONE NOT NULL, 
	PRIMARY KEY (id), 
	FOREIGN KEY(purchase_request_id) REFERENCES purchase_requests (id), 
	FOREIGN KEY(uploaded_by_id) REFERENCES users (id)
)


2026-06-07 06:43:07,607 INFO sqlalchemy.engine.Engine [no key 0.00005s] ()
2026-06-07 06:43:07,610 INFO sqlalchemy.engine.Engine 
CREATE TABLE po_cancellations (
	id SERIAL NOT NULL, 
	purchase_request_id INTEGER NOT NULL, 
	reason TEXT NOT NULL, 
	reinitiation_method VARCHAR(50) NOT NULL, 
	reallocated_amount FLOAT NOT NULL, 
	cancelled_by_id INTEGER NOT NULL, 
	cancelled_at TIMESTAMP WITHOUT TIME ZONE NOT NULL, 
	PRIMARY KEY (id), 
	FOREIGN KEY(purchase_request_id) REFERENCES purchase_requests (id), 
	FOREIGN KEY(cancelled_by_id) REFERENCES users (id)
)


2026-06-07 06:43:07,610 INFO sqlalchemy.engine.Engine [no key 0.00004s] ()
2026-06-07 06:43:07,613 INFO sqlalchemy.engine.Engine 
CREATE TABLE tender_cancellations (
	id SERIAL NOT NULL, 
	purchase_request_id INTEGER NOT NULL, 
	reason TEXT NOT NULL, 
	reinitiation_method VARCHAR(50) NOT NULL, 
	cancelled_by_id INTEGER NOT NULL, 
	cancelled_at TIMESTAMP WITHOUT TIME ZONE NOT NULL, 
	PRIMARY KEY (id), 
	FOREIGN KEY(purchase_request_id) REFERENCES purchase_requests (id), 
	FOREIGN KEY(cancelled_by_id) REFERENCES users (id)
)


2026-06-07 06:43:07,613 INFO sqlalchemy.engine.Engine [no key 0.00004s] ()
2026-06-07 06:43:07,616 INFO sqlalchemy.engine.Engine 
CREATE TABLE bill_passings (
	id SERIAL NOT NULL, 
	purchase_request_id INTEGER NOT NULL, 
	invoice_number VARCHAR(100) NOT NULL, 
	invoice_date DATE NOT NULL, 
	challan_number VARCHAR(100), 
	challan_date DATE, 
	bill_amount FLOAT NOT NULL, 
	gst_amount FLOAT NOT NULL, 
	payment_terms TEXT, 
	passed_by_id INTEGER NOT NULL, 
	passed_at TIMESTAMP WITHOUT TIME ZONE NOT NULL, 
	remarks TEXT, 
	PRIMARY KEY (id), 
	UNIQUE (purchase_request_id), 
	FOREIGN KEY(purchase_request_id) REFERENCES purchase_requests (id), 
	FOREIGN KEY(passed_by_id) REFERENCES users (id)
)


2026-06-07 06:43:07,616 INFO sqlalchemy.engine.Engine [no key 0.00005s] ()
2026-06-07 06:43:07,620 INFO sqlalchemy.engine.Engine 
CREATE TABLE pr_referrals (
	id SERIAL NOT NULL, 
	purchase_request_id INTEGER NOT NULL, 
	referred_by_id INTEGER NOT NULL, 
	referred_to_id INTEGER NOT NULL, 
	query TEXT NOT NULL, 
	query_document_path VARCHAR(500), 
	response TEXT, 
	response_document_path VARCHAR(500), 
	status VARCHAR(20) NOT NULL, 
	created_at TIMESTAMP WITHOUT TIME ZONE NOT NULL, 
	responded_at TIMESTAMP WITHOUT TIME ZONE, 
	PRIMARY KEY (id), 
	FOREIGN KEY(purchase_request_id) REFERENCES purchase_requests (id), 
	FOREIGN KEY(referred_by_id) REFERENCES users (id), 
	FOREIGN KEY(referred_to_id) REFERENCES users (id)
)


2026-06-07 06:43:07,620 INFO sqlalchemy.engine.Engine [no key 0.00004s] ()
2026-06-07 06:43:07,623 INFO sqlalchemy.engine.Engine 
CREATE TABLE deliveries (
	id SERIAL NOT NULL, 
	po_id INTEGER NOT NULL, 
	challan_number VARCHAR(100), 
	invoice_number VARCHAR(100), 
	invoice_pdf_path VARCHAR(512), 
	challan_pdf_path VARCHAR(512), 
	department_id INTEGER NOT NULL, 
	received_date TIMESTAMP WITHOUT TIME ZONE, 
	status VARCHAR(50) NOT NULL, 
	created_at TIMESTAMP WITHOUT TIME ZONE NOT NULL, 
	PRIMARY KEY (id), 
	FOREIGN KEY(po_id) REFERENCES purchase_requests (id), 
	FOREIGN KEY(department_id) REFERENCES departments (id)
)


2026-06-07 06:43:07,623 INFO sqlalchemy.engine.Engine [no key 0.00005s] ()
2026-06-07 06:43:07,627 INFO sqlalchemy.engine.Engine 
CREATE TABLE delivery_items (
	id SERIAL NOT NULL, 
	delivery_id INTEGER NOT NULL, 
	name VARCHAR(255) NOT NULL, 
	category VARCHAR(100) NOT NULL, 
	challan_quantity INTEGER NOT NULL, 
	unit_price FLOAT NOT NULL, 
	PRIMARY KEY (id), 
	FOREIGN KEY(delivery_id) REFERENCES deliveries (id)
)


2026-06-07 06:43:07,627 INFO sqlalchemy.engine.Engine [no key 0.00005s] ()
2026-06-07 06:43:07,629 INFO sqlalchemy.engine.Engine 
CREATE TABLE payments (
	id SERIAL NOT NULL, 
	delivery_id INTEGER NOT NULL, 
	invoice_number VARCHAR(100) NOT NULL, 
	amount FLOAT NOT NULL, 
	status VARCHAR(50) NOT NULL, 
	approved_by_id INTEGER, 
	paid_at TIMESTAMP WITHOUT TIME ZONE, 
	created_at TIMESTAMP WITHOUT TIME ZONE NOT NULL, 
	PRIMARY KEY (id), 
	FOREIGN KEY(delivery_id) REFERENCES deliveries (id), 
	FOREIGN KEY(approved_by_id) REFERENCES users (id)
)


2026-06-07 06:43:07,629 INFO sqlalchemy.engine.Engine [no key 0.00004s] ()
2026-06-07 06:43:07,630 INFO sqlalchemy.engine.Engine 
CREATE TABLE dept_asset_logs (
	id SERIAL NOT NULL, 
	delivery_item_id INTEGER NOT NULL, 
	logged_by_id INTEGER NOT NULL, 
	quantity INTEGER NOT NULL, 
	condition VARCHAR(50) NOT NULL, 
	building VARCHAR(100), 
	room VARCHAR(100), 
	custodian_name VARCHAR(255), 
	serial_numbers JSON, 
	remarks TEXT, 
	logged_at TIMESTAMP WITHOUT TIME ZONE NOT NULL, 
	PRIMARY KEY (id), 
	UNIQUE (delivery_item_id), 
	FOREIGN KEY(delivery_item_id) REFERENCES delivery_items (id), 
	FOREIGN KEY(logged_by_id) REFERENCES users (id)
)


2026-06-07 06:43:07,631 INFO sqlalchemy.engine.Engine [no key 0.00005s] ()
2026-06-07 06:43:07,635 INFO sqlalchemy.engine.Engine 
CREATE TABLE stores_asset_logs (
	id SERIAL NOT NULL, 
	delivery_item_id INTEGER NOT NULL, 
	logged_by_id INTEGER NOT NULL, 
	quantity INTEGER NOT NULL, 
	condition VARCHAR(50) NOT NULL, 
	building VARCHAR(100), 
	room VARCHAR(100), 
	custodian_name VARCHAR(255), 
	serial_numbers JSON, 
	is_approved BOOLEAN NOT NULL, 
	approved_by_id INTEGER, 
	approved_at TIMESTAMP WITHOUT TIME ZONE, 
	updated_at TIMESTAMP WITHOUT TIME ZONE NOT NULL, 
	PRIMARY KEY (id), 
	UNIQUE (delivery_item_id), 
	FOREIGN KEY(delivery_item_id) REFERENCES delivery_items (id), 
	FOREIGN KEY(logged_by_id) REFERENCES users (id), 
	FOREIGN KEY(approved_by_id) REFERENCES users (id)
)


2026-06-07 06:43:07,635 INFO sqlalchemy.engine.Engine [no key 0.00004s] ()
2026-06-07 06:43:07,639 INFO sqlalchemy.engine.Engine 
CREATE TABLE discrepancies (
	id SERIAL NOT NULL, 
	delivery_item_id INTEGER NOT NULL, 
	challan_qty INTEGER NOT NULL, 
	dept_qty INTEGER NOT NULL, 
	stores_qty INTEGER NOT NULL, 
	status VARCHAR(50) NOT NULL, 
	resolution_remarks TEXT, 
	resolved_by_id INTEGER, 
	resolved_at TIMESTAMP WITHOUT TIME ZONE, 
	created_at TIMESTAMP WITHOUT TIME ZONE NOT NULL, 
	PRIMARY KEY (id), 
	UNIQUE (delivery_item_id), 
	FOREIGN KEY(delivery_item_id) REFERENCES delivery_items (id), 
	FOREIGN KEY(resolved_by_id) REFERENCES users (id)
)


2026-06-07 06:43:07,639 INFO sqlalchemy.engine.Engine [no key 0.00005s] ()
2026-06-07 06:43:07,642 INFO sqlalchemy.engine.Engine 
CREATE TABLE assets (
	id SERIAL NOT NULL, 
	asset_tag VARCHAR(50) NOT NULL, 
	name VARCHAR(255) NOT NULL, 
	category VARCHAR(50) NOT NULL, 
	department_id INTEGER NOT NULL, 
	building VARCHAR(100), 
	room VARCHAR(100), 
	custodian VARCHAR(255), 
	serial_number VARCHAR(255), 
	legacy_asset_tag VARCHAR(100), 
	fund_source VARCHAR(100), 
	condition VARCHAR(50) NOT NULL, 
	disposal_status VARCHAR(50) NOT NULL, 
	qr_code_url VARCHAR(500), 
	purchase_date DATE, 
	unit_cost FLOAT, 
	warranty_expiry DATE, 
	delivery_item_id INTEGER, 
	remarks TEXT, 
	is_verified BOOLEAN NOT NULL, 
	verified_at TIMESTAMP WITHOUT TIME ZONE, 
	asset_source VARCHAR(50) NOT NULL, 
	supplier_name VARCHAR(255), 
	supplier_address TEXT, 
	bill_number VARCHAR(100), 
	bill_date DATE, 
	stock_register_volume VARCHAR(100), 
	stock_register_page VARCHAR(100), 
	delivery_date DATE, 
	created_at TIMESTAMP WITHOUT TIME ZONE NOT NULL, 
	PRIMARY KEY (id), 
	UNIQUE (asset_tag), 
	FOREIGN KEY(department_id) REFERENCES departments (id), 
	FOREIGN KEY(delivery_item_id) REFERENCES delivery_items (id)
)


2026-06-07 06:43:07,642 INFO sqlalchemy.engine.Engine [no key 0.00004s] ()
2026-06-07 06:43:07,646 INFO sqlalchemy.engine.Engine 
CREATE TABLE asset_movements (
	id SERIAL NOT NULL, 
	asset_id INTEGER NOT NULL, 
	from_building VARCHAR(100), 
	from_room VARCHAR(100), 
	to_building VARCHAR(100) NOT NULL, 
	to_room VARCHAR(100) NOT NULL, 
	moved_by_id INTEGER NOT NULL, 
	reason TEXT, 
	moved_at TIMESTAMP WITHOUT TIME ZONE NOT NULL, 
	PRIMARY KEY (id), 
	FOREIGN KEY(asset_id) REFERENCES assets (id), 
	FOREIGN KEY(moved_by_id) REFERENCES users (id)
)


2026-06-07 06:43:07,646 INFO sqlalchemy.engine.Engine [no key 0.00004s] ()
2026-06-07 06:43:07,648 INFO sqlalchemy.engine.Engine 
CREATE TABLE asset_logs (
	id SERIAL NOT NULL, 
	asset_id INTEGER NOT NULL, 
	action VARCHAR(100) NOT NULL, 
	performed_by_id INTEGER NOT NULL, 
	old_value JSON, 
	new_value JSON, 
	performed_at TIMESTAMP WITHOUT TIME ZONE NOT NULL, 
	PRIMARY KEY (id), 
	FOREIGN KEY(asset_id) REFERENCES assets (id), 
	FOREIGN KEY(performed_by_id) REFERENCES users (id)
)


2026-06-07 06:43:07,648 INFO sqlalchemy.engine.Engine [no key 0.00005s] ()
2026-06-07 06:43:07,651 INFO sqlalchemy.engine.Engine ALTER TABLE departments ADD CONSTRAINT fk_departments_expert2 FOREIGN KEY(expert2_id) REFERENCES users (id) ON DELETE SET NULL
2026-06-07 06:43:07,651 INFO sqlalchemy.engine.Engine [no key 0.00004s] ()
2026-06-07 06:43:07,652 INFO sqlalchemy.engine.Engine ALTER TABLE departments ADD CONSTRAINT fk_departments_expert1 FOREIGN KEY(expert1_id) REFERENCES users (id) ON DELETE SET NULL
2026-06-07 06:43:07,652 INFO sqlalchemy.engine.Engine [no key 0.00003s] ()
2026-06-07 06:43:07,653 INFO sqlalchemy.engine.Engine ALTER TABLE departments ADD CONSTRAINT fk_departments_director_faculty FOREIGN KEY(director_faculty_id) REFERENCES users (id) ON DELETE SET NULL
2026-06-07 06:43:07,653 INFO sqlalchemy.engine.Engine [no key 0.00003s] ()
2026-06-07 06:43:07,654 INFO sqlalchemy.engine.Engine ALTER TABLE assets ADD COLUMN IF NOT EXISTS legacy_asset_tag VARCHAR(100);
2026-06-07 06:43:07,654 INFO sqlalchemy.engine.Engine [generated in 0.00005s] ()
2026-06-07 06:43:07,654 INFO sqlalchemy.engine.Engine ALTER TABLE assets ADD COLUMN IF NOT EXISTS fund_source VARCHAR(100);
2026-06-07 06:43:07,654 INFO sqlalchemy.engine.Engine [generated in 0.00004s] ()
2026-06-07 06:43:07,654 INFO sqlalchemy.engine.Engine ALTER TABLE assets ADD COLUMN IF NOT EXISTS supplier_name VARCHAR(255);
2026-06-07 06:43:07,654 INFO sqlalchemy.engine.Engine [generated in 0.00004s] ()
2026-06-07 06:43:07,654 INFO sqlalchemy.engine.Engine ALTER TABLE assets ADD COLUMN IF NOT EXISTS supplier_address TEXT;
2026-06-07 06:43:07,655 INFO sqlalchemy.engine.Engine [generated in 0.00003s] ()
2026-06-07 06:43:07,655 INFO sqlalchemy.engine.Engine ALTER TABLE assets ADD COLUMN IF NOT EXISTS bill_number VARCHAR(100);
2026-06-07 06:43:07,655 INFO sqlalchemy.engine.Engine [generated in 0.00003s] ()
2026-06-07 06:43:07,655 INFO sqlalchemy.engine.Engine ALTER TABLE assets ADD COLUMN IF NOT EXISTS bill_date DATE;
2026-06-07 06:43:07,655 INFO sqlalchemy.engine.Engine [generated in 0.00003s] ()
2026-06-07 06:43:07,655 INFO sqlalchemy.engine.Engine ALTER TABLE assets ADD COLUMN IF NOT EXISTS stock_register_volume VARCHAR(100);
2026-06-07 06:43:07,655 INFO sqlalchemy.engine.Engine [generated in 0.00003s] ()
2026-06-07 06:43:07,655 INFO sqlalchemy.engine.Engine ALTER TABLE assets ADD COLUMN IF NOT EXISTS stock_register_page VARCHAR(100);
2026-06-07 06:43:07,655 INFO sqlalchemy.engine.Engine [generated in 0.00003s] ()
2026-06-07 06:43:07,655 INFO sqlalchemy.engine.Engine ALTER TABLE assets ADD COLUMN IF NOT EXISTS delivery_date DATE;
2026-06-07 06:43:07,655 INFO sqlalchemy.engine.Engine [generated in 0.00004s] ()
2026-06-07 06:43:07,656 INFO sqlalchemy.engine.Engine ALTER TABLE assets ADD COLUMN IF NOT EXISTS remarks TEXT;
2026-06-07 06:43:07,656 INFO sqlalchemy.engine.Engine [generated in 0.00003s] ()
2026-06-07 06:43:07,656 INFO sqlalchemy.engine.Engine ALTER TABLE assets ADD COLUMN IF NOT EXISTS is_verified BOOLEAN DEFAULT FALSE;
2026-06-07 06:43:07,656 INFO sqlalchemy.engine.Engine [generated in 0.00003s] ()
2026-06-07 06:43:07,656 INFO sqlalchemy.engine.Engine ALTER TABLE assets ADD COLUMN IF NOT EXISTS verified_at TIMESTAMP;
2026-06-07 06:43:07,656 INFO sqlalchemy.engine.Engine [generated in 0.00005s] ()
2026-06-07 06:43:07,656 INFO sqlalchemy.engine.Engine ALTER TABLE assets ADD COLUMN IF NOT EXISTS asset_source VARCHAR(50) DEFAULT 'legacy';
2026-06-07 06:43:07,656 INFO sqlalchemy.engine.Engine [generated in 0.00006s] ()
2026-06-07 06:43:07,657 INFO sqlalchemy.engine.Engine COMMIT
🌱 Checking database state for seeding...
  Seeding departments...
  Seeding roles...
  Seeding users...
  Seeding procurement methods...
  Seeding purchase categories...
  Seeding phase managers...
  Re-seeding all workflow steps to apply updates...
  Seeded 442 missing workflow steps.
🧹 Clearing previous transactional and budget data...
✓ Transactional tables cleared successfully.
  Seeding settings...
🌱 Seeding 8 representative workflow-centric purchase requests...
✅ Database verification and seeding process completed successfully!
------------------------------ Captured log setup ------------------------------
INFO     sqlalchemy.engine.Engine:base.py:1846 select pg_catalog.version()
INFO     sqlalchemy.engine.Engine:base.py:1846 [raw sql] ()
INFO     sqlalchemy.engine.Engine:base.py:1846 select current_schema()
INFO     sqlalchemy.engine.Engine:base.py:1846 [raw sql] ()
INFO     sqlalchemy.engine.Engine:base.py:1846 show standard_conforming_strings
INFO     sqlalchemy.engine.Engine:base.py:1846 [raw sql] ()
INFO     sqlalchemy.engine.Engine:base.py:2701 BEGIN (implicit)
INFO     sqlalchemy.engine.Engine:base.py:1846 SELECT pg_catalog.pg_class.relname 
[...]
FROM workflow_hierarchies 
WHERE workflow_hierarchies.category_id = $1::INTEGER AND workflow_hierarchies.procurement_id = $2::INTEGER AND workflow_hierarchies.purchase_type = $3::VARCHAR AND workflow_hierarchies.phase_id = $4::INTEGER AND workflow_hierarchies.step_order = $5::INTEGER AND workflow_hierarchies.is_enabled = true
INFO     sqlalchemy.engine.Engine:base.py:1846 [generated in 0.00009s] (2, 1, 'department', 5, 1)
INFO     sqlalchemy.engine.Engine:base.py:1846 SELECT role_managers.id AS role_managers_id, role_managers.name AS role_managers_name, role_managers.value AS role_managers_value, role_managers.group_key AS role_managers_group_key 
FROM role_managers 
WHERE role_managers.id IN ($1::INTEGER)
INFO     sqlalchemy.engine.Engine:base.py:1846 [generated in 0.00013s] (5,)
INFO     sqlalchemy.engine.Engine:base.py:1846 SELECT phase_managers.phase_name 
FROM phase_managers 
WHERE phase_managers.id = $1::INTEGER
INFO     sqlalchemy.engine.Engine:base.py:1846 [generated in 0.00006s] (5,)
INFO     sqlalchemy.engine.Engine:base.py:1846 SELECT workflow_hierarchies.id, workflow_hierarchies.user_id, workflow_hierarchies.category_id, workflow_hierarchies.phase_id, workflow_hierarchies.procurement_id, workflow_hierarchies.step_order, workflow_hierarchies.user_type, workflow_hierarchies.user_group, workflow_hierarchies.role_id, workflow_hierarchies.purchase_type, workflow_hierarchies.is_enabled, workflow_hierarchies.tender_vendors_threshold, workflow_hierarchies.tender_vendors_comparison, workflow_hierarchies.skip_condition, workflow_hierarchies.condition_field, workflow_hierarchies.condition_operator, workflow_hierarchies.condition_value 
FROM workflow_hierarchies 
WHERE workflow_hierarchies.category_id = $1::INTEGER AND workflow_hierarchies.procurement_id = $2::INTEGER AND workflow_hierarchies.purchase_type = $3::VARCHAR AND workflow_hierarchies.phase_id = $4::INTEGER AND workflow_hierarchies.step_order = $5::INTEGER AND workflow_hierarchies.is_enabled = true
INFO     sqlalchemy.engine.Engine:base.py:1846 [cached since 0.002882s ago] (9, 3, 'department', 4, 1)
INFO     sqlalchemy.engine.Engine:base.py:1846 SELECT role_managers.id AS role_managers_id, role_managers.name AS role_managers_name, role_managers.value AS role_managers_value, role_managers.group_key AS role_managers_group_key 
FROM role_managers 
WHERE role_managers.id IN ($1::INTEGER)
INFO     sqlalchemy.engine.Engine:base.py:1846 [cached since 0.002046s ago] (1,)
INFO     sqlalchemy.engine.Engine:base.py:1846 SELECT phase_managers.phase_name 
FROM phase_managers 
WHERE phase_managers.id = $1::INTEGER
INFO     sqlalchemy.engine.Engine:base.py:1846 [cached since 0.00173s ago] (4,)
INFO     sqlalchemy.engine.Engine:base.py:1846 SELECT workflow_hierarchies.id, workflow_hierarchies.user_id, workflow_hierarchies.category_id, workflow_hierarchies.phase_id, workflow_hierarchies.procurement_id, workflow_hierarchies.step_order, workflow_hierarchies.user_type, workflow_hierarchies.user_group, workflow_hierarchies.role_id, workflow_hierarchies.purchase_type, workflow_hierarchies.is_enabled, workflow_hierarchies.tender_vendors_threshold, workflow_hierarchies.tender_vendors_comparison, workflow_hierarchies.skip_condition, workflow_hierarchies.condition_field, workflow_hierarchies.condition_operator, workflow_hierarchies.condition_value 
FROM workflow_hierarchies 
WHERE workflow_hierarchies.category_id = $1::INTEGER AND workflow_hierarchies.procurement_id = $2::INTEGER AND workflow_hierarchies.purchase_type = $3::VARCHAR AND workflow_hierarchies.phase_id = $4::INTEGER AND workflow_hierarchies.step_order = $5::INTEGER AND workflow_hierarchies.is_enabled = true
INFO     sqlalchemy.engine.Engine:base.py:1846 [cached since 0.004166s ago] (11, 4, 'department', 3, 1)
INFO     sqlalchemy.engine.Engine:base.py:1846 SELECT role_managers.id AS role_managers_id, role_managers.name AS role_managers_name, role_managers.value AS role_managers_value, role_managers.group_key AS role_managers_group_key 
FROM role_managers 
WHERE role_managers.id IN ($1::INTEGER)
INFO     sqlalchemy.engine.Engine:base.py:1846 [cached since 0.003253s ago] (1,)
INFO     sqlalchemy.engine.Engine:base.py:1846 SELECT phase_managers.phase_name 
FROM phase_managers 
WHERE phase_managers.id = $1::INTEGER
INFO     sqlalchemy.engine.Engine:base.py:1846 [cached since 0.002913s ago] (3,)
INFO     sqlalchemy.engine.Engine:base.py:1846 SELECT workflow_hierarchies.id, workflow_hierarchies.user_id, workflow_hierarchies.category_id, workflow_hierarchies.phase_id, workflow_hierarchies.procurement_id, workflow_hierarchies.step_order, workflow_hierarchies.user_type, workflow_hierarchies.user_group, workflow_hierarchies.role_id, workflow_hierarchies.purchase_type, workflow_hierarchies.is_enabled, workflow_hierarchies.tender_vendors_threshold, workflow_hierarchies.tender_vendors_comparison, workflow_hierarchies.skip_condition, workflow_hierarchies.condition_field, workflow_hierarchies.condition_operator, workflow_hierarchies.condition_value 
FROM workflow_hierarchies 
WHERE workflow_hierarchies.category_id = $1::INTEGER AND workflow_hierarchies.procurement_id = $2::INTEGER AND workflow_hierarchies.purchase_type = $3::VARCHAR AND workflow_hierarchies.phase_id = $4::INTEGER AND workflow_hierarchies.step_order = $5::INTEGER AND workflow_hierarchies.is_enabled = true
INFO     sqlalchemy.engine.Engine:base.py:1846 [cached since 0.005335s ago] (8, 3, 'department', 2, 2)
INFO     sqlalchemy.engine.Engine:base.py:1846 SELECT role_managers.id AS role_managers_id, role_managers.name AS role_managers_name, role_managers.value AS role_managers_value, role_managers.group_key AS role_managers_group_key 
FROM role_managers 
WHERE role_managers.id IN ($1::INTEGER)
INFO     sqlalchemy.engine.Engine:base.py:1846 [cached since 0.00448s ago] (5,)
INFO     sqlalchemy.engine.Engine:base.py:1846 SELECT phase_managers.phase_name 
FROM phase_managers 
WHERE phase_managers.id = $1::INTEGER
INFO     sqlalchemy.engine.Engine:base.py:1846 [cached since 0.004184s ago] (2,)
INFO     sqlalchemy.engine.Engine:base.py:1846 SELECT workflow_hierarchies.id, workflow_hierarchies.user_id, workflow_hierarchies.category_id, workflow_hierarchies.phase_id, workflow_hierarchies.procurement_id, workflow_hierarchies.step_order, workflow_hierarchies.user_type, workflow_hierarchies.user_group, workflow_hierarchies.role_id, workflow_hierarchies.purchase_type, workflow_hierarchies.is_enabled, workflow_hierarchies.tender_vendors_threshold, workflow_hierarchies.tender_vendors_comparison, workflow_hierarchies.skip_condition, workflow_hierarchies.condition_field, workflow_hierarchies.condition_operator, workflow_hierarchies.condition_value 
FROM workflow_hierarchies 
WHERE workflow_hierarchies.category_id = $1::INTEGER AND workflow_hierarchies.procurement_id = $2::INTEGER AND workflow_hierarchies.purchase_type = $3::VARCHAR AND workflow_hierarchies.phase_id = $4::INTEGER AND workflow_hierarchies.step_order = $5::INTEGER AND workflow_hierarchies.is_enabled = true
INFO     sqlalchemy.engine.Engine:base.py:1846 [cached since 0.006573s ago] (5, 2, 'department', 1, 2)
INFO     sqlalchemy.engine.Engine:base.py:1846 SELECT role_managers.id AS role_managers_id, role_managers.name AS role_managers_name, role_managers.value AS role_managers_value, role_managers.group_key AS role_managers_group_key 
FROM role_managers 
WHERE role_managers.id IN ($1::INTEGER)
INFO     sqlalchemy.engine.Engine:base.py:1846 [cached since 0.00566s ago] (2,)
INFO     sqlalchemy.engine.Engine:base.py:1846 SELECT phase_managers.phase_name 
FROM phase_managers 
WHERE phase_managers.id = $1::INTEGER
INFO     sqlalchemy.engine.Engine:base.py:1846 [cached since 0.005312s ago] (1,)
INFO     sqlalchemy.engine.Engine:base.py:1846 SELECT purchase_request_items.id AS purchase_request_items_id, purchase_request_items.purchase_request_id AS purchase_request_items_purchase_request_id, purchase_request_items.budget_file_id AS purchase_request_items_budget_file_id, purchase_request_items.item_description AS purchase_request_items_item_description, purchase_request_items.quantity AS purchase_request_items_quantity, purchase_request_items.estimated_total AS purchase_request_items_estimated_total, purchase_request_items.charges AS purchase_request_items_charges, purchase_request_items.requirement_type AS purchase_request_items_requirement_type, purchase_request_items.availability AS purchase_request_items_availability, purchase_request_items.availability_remarks AS purchase_request_items_availability_remarks, purchase_request_items.site_readiness AS purchase_request_items_site_readiness, purchase_request_items.site_readiness_remarks AS purchase_request_items_site_readiness_remarks, purchase_request_items.warranty AS purchase_request_items_warranty, purchase_request_items.delivery_period AS purchase_request_items_delivery_period, purchase_request_items.present_stock AS purchase_request_items_present_stock, purchase_request_items.justification_for_procurement AS purchase_request_items_justification_for_procurement, purchase_request_items.previous_file_no_reference AS purchase_request_items_previous_file_no_reference, purchase_request_items.installation_required AS purchase_request_items_installation_required, purchase_request_items.tech_specs_text AS purchase_request_items_tech_specs_text, purchase_request_items.gem_link AS purchase_request_items_gem_link 
FROM purchase_request_items 
WHERE $1::INTEGER = purchase_request_items.purchase_request_id
INFO     sqlalchemy.engine.Engine:base.py:1846 [generated in 0.00006s] (9,)
INFO     sqlalchemy.engine.Engine:base.py:1846 SELECT technical_evaluations.id AS technical_evaluations_id, technical_evaluations.purchase_request_id AS technical_evaluations_purchase_request_id, technical_evaluations.vendor_name AS technical_evaluations_vendor_name, technical_evaluations.is_qualified AS technical_evaluations_is_qualified, technical_evaluations.remarks AS technical_evaluations_remarks, technical_evaluations.created_at AS technical_evaluations_created_at 
FROM technical_evaluations 
WHERE $1::INTEGER = technical_evaluations.purchase_request_id
INFO     sqlalchemy.engine.Engine:base.py:1846 [generated in 0.00006s] (9,)
INFO     sqlalchemy.engine.Engine:base.py:1846 SELECT financial_evaluations.id AS financial_evaluations_id, financial_evaluations.purchase_request_id AS financial_evaluations_purchase_request_id, financial_evaluations.vendor_name AS financial_evaluations_vendor_name, financial_evaluations.quoted_amount AS financial_evaluations_quoted_amount, financial_evaluations.ranking AS financial_evaluations_ranking, financial_evaluations.is_awarded AS financial_evaluations_is_awarded, financial_evaluations.remarks AS financial_evaluations_remarks, financial_evaluations.unit_price AS financial_evaluations_unit_price, financial_evaluations.taxes AS financial_evaluations_taxes, financial_evaluations.delivery_period AS financial_evaluations_delivery_period, financial_evaluations.warranty AS financial_evaluations_warranty, financial_evaluations.created_at AS financial_evaluations_created_at 
FROM financial_evaluations 
WHERE $1::INTEGER = financial_evaluations.purchase_request_id
INFO     sqlalchemy.engine.Engine:base.py:1846 [generated in 0.00007s] (9,)
INFO     sqlalchemy.engine.Engine:base.py:1846 SELECT commercial_evaluations.id AS commercial_evaluations_id, commercial_evaluations.purchase_request_id AS commercial_evaluations_purchase_request_id, commercial_evaluations.vendor_name AS commercial_evaluations_vendor_name, commercial_evaluations.vendor_email AS commercial_evaluations_vendor_email, commercial_evaluations.quoted_amount AS commercial_evaluations_quoted_amount, commercial_evaluations.is_qualified AS commercial_evaluations_is_qualified, commercial_evaluations.remarks AS commercial_evaluations_remarks 
FROM commercial_evaluations 
WHERE $1::INTEGER = commercial_evaluations.purchase_request_id
INFO     sqlalchemy.engine.Engine:base.py:1846 [generated in 0.00005s] (9,)
INFO     sqlalchemy.engine.Engine:base.py:1846 SELECT documents.id AS documents_id, documents.purchase_request_id AS documents_purchase_request_id, documents.doc_key AS documents_doc_key, documents.doc_value AS documents_doc_value, documents.uploaded_by_id AS documents_uploaded_by_id, documents.updated_at AS documents_updated_at 
FROM documents 
WHERE $1::INTEGER = documents.purchase_request_id
INFO     sqlalchemy.engine.Engine:base.py:1846 [generated in 0.00005s] (9,)
INFO     sqlalchemy.engine.Engine:base.py:1846 SELECT po_cancellations.id AS po_cancellations_id, po_cancellations.purchase_request_id AS po_cancellations_purchase_request_id, po_cancellations.reason AS po_cancellations_reason, po_cancellations.reinitiation_method AS po_cancellations_reinitiation_method, po_cancellations.reallocated_amount AS po_cancellations_reallocated_amount, po_cancellations.cancelled_by_id AS po_cancellations_cancelled_by_id, po_cancellations.cancelled_at AS po_cancellations_cancelled_at 
FROM po_cancellations 
WHERE $1::INTEGER = po_cancellations.purchase_request_id
INFO     sqlalchemy.engine.Engine:base.py:1846 [generated in 0.00005s] (9,)
INFO     sqlalchemy.engine.Engine:base.py:1846 SELECT tender_cancellations.id AS tender_cancellations_id, tender_cancellations.purchase_request_id AS tender_cancellations_purchase_request_id, tender_cancellations.reason AS tender_cancellations_reason, tender_cancellations.reinitiation_method AS tender_cancellations_reinitiation_method, tender_cancellations.cancelled_by_id AS tender_cancellations_cancelled_by_id, tender_cancellations.cancelled_at AS tender_cancellations_cancelled_at 
FROM tender_cancellations 
WHERE $1::INTEGER = tender_cancellations.purchase_request_id
INFO     sqlalchemy.engine.Engine:base.py:1846 [generated in 0.00005s] (9,)
INFO     sqlalchemy.engine.Engine:base.py:1846 SELECT bill_passings.id AS bill_passings_id, bill_passings.purchase_request_id AS bill_passings_purchase_request_id, bill_passings.invoice_number AS bill_passings_invoice_number, bill_passings.invoice_date AS bill_passings_invoice_date, bill_passings.challan_number AS bill_passings_challan_number, bill_passings.challan_date AS bill_passings_challan_date, bill_passings.bill_amount AS bill_passings_bill_amount, bill_passings.gst_amount AS bill_passings_gst_amount, bill_passings.payment_terms AS bill_passings_payment_terms, bill_passings.passed_by_id AS bill_passings_passed_by_id, bill_passings.passed_at AS bill_passings_passed_at, bill_passings.remarks AS bill_passings_remarks 
FROM bill_passings 
WHERE $1::INTEGER = bill_passings.purchase_request_id
INFO     sqlalchemy.engine.Engine:base.py:1846 [generated in 0.00005s] (9,)
INFO     sqlalchemy.engine.Engine:base.py:1846 SELECT deliveries.id AS deliveries_id, deliveries.po_id AS deliveries_po_id, deliveries.challan_number AS deliveries_challan_number, deliveries.invoice_number AS deliveries_invoice_number, deliveries.invoice_pdf_path AS deliveries_invoice_pdf_path, deliveries.challan_pdf_path AS deliveries_challan_pdf_path, deliveries.department_id AS deliveries_department_id, deliveries.received_date AS deliveries_received_date, deliveries.status AS deliveries_status, deliveries.created_at AS deliveries_created_at 
FROM deliveries 
WHERE $1::INTEGER = deliveries.po_id
INFO     sqlalchemy.engine.Engine:base.py:1846 [generated in 0.00005s] (9,)
INFO     sqlalchemy.engine.Engine:base.py:1846 SELECT purchase_requests.id AS purchase_requests_id, purchase_requests.icr_number AS purchase_requests_icr_number, purchase_requests.category_id AS purchase_requests_category_id, purchase_requests.financial_year_id AS purchase_requests_financial_year_id, purchase_requests.initiator_id AS purchase_requests_initiator_id, purchase_requests.nominee_id AS purchase_requests_nominee_id, purchase_requests.procurement_id AS purchase_requests_procurement_id, purchase_requests.purchase_type AS purchase_requests_purchase_type, purchase_requests.current_status AS purchase_requests_current_status, purchase_requests.amount AS purchase_requests_amount, purchase_requests.emd AS purchase_requests_emd, purchase_requests.performance_security AS purchase_requests_performance_security, purchase_requests.vendor_list_link AS purchase_requests_vendor_list_link, purchase_requests.is_item_split AS purchase_requests_is_item_split, purchase_requests.item_split_justification AS purchase_requests_item_split_justification, purchase_requests.is_quantity_split AS purchase_requests_is_quantity_split, purchase_requests.quantity_split_details AS purchase_requests_quantity_split_details, purchase_requests.is_service_center_in_south AS purchase_requests_is_service_center_in_south, purchase_requests.service_center_south_desc AS purchase_requests_service_center_south_desc, purchase_requests.basis_of_estimate_details AS purchase_requests_basis_of_estimate_details, purchase_requests.delivery_mode AS purchase_requests_delivery_mode, purchase_requests.delivery_location AS purchase_requests_delivery_location, purchase_requests.exemption AS purchase_requests_exemption, purchase_requests.exemption_remarks AS purchase_requests_exemption_remarks, purchase_requests.is_training_required AS purchase_requests_is_training_required, purchase_requests.training_type AS purchase_requests_training_type, purchase_requests.training_vendor AS purchase_requests_training_vendor, purchase_requests.training_comments AS purchase_requests_training_comments, purchase_requests.tender_reference_number AS purchase_requests_tender_reference_number, purchase_requests.date_of_tender AS purchase_requests_date_of_tender, purchase_requests.date_of_tech_bid_opening AS purchase_requests_date_of_tech_bid_opening, purchase_requests.date_of_financial_bid_opening AS purchase_requests_date_of_financial_bid_opening, purchase_requests.aa_approved_at AS purchase_requests_aa_approved_at, purchase_requests.te_initiated_at AS purchase_requests_te_initiated_at, purchase_requests.te_approved_at AS purchase_requests_te_approved_at, purchase_requests.fs_initiated_at AS purchase_requests_fs_initiated_at, purchase_requests.fs_approved_at AS purchase_requests_fs_approved_at, purchase_requests.po_initiated_at AS purchase_requests_po_initiated_at, purchase_requests.po_approved_at AS purchase_requests_po_approved_at, purchase_requests.faculty1_id AS purchase_requests_faculty1_id, purchase_requests.faculty2_id AS purchase_requests_faculty2_id, purchase_requests.faculty3_id AS purchase_requests_faculty3_id, purchase_requests.aa_approver_id AS purchase_requests_aa_approver_id, purchase_requests.form_data AS purchase_requests_form_data, purchase_requests.parent_pr_id AS purchase_requests_parent_pr_id, purchase_requests.lpc_remarks AS purchase_requests_lpc_remarks, purchase_requests.lpc_committee_members AS purchase_requests_lpc_committee_members, purchase_requests.lpc_minutes_reference AS purchase_requests_lpc_minutes_reference, purchase_requests.single_bid_justification AS purchase_requests_single_bid_justification, purchase_requests.created_at AS purchase_requests_created_at 
FROM purchase_requests 
WHERE $1::INTEGER = purchase_requests.parent_pr_id
INFO     sqlalchemy.engine.Engine:base.py:1846 [generated in 0.00009s] (9,)
INFO     sqlalchemy.engine.Engine:base.py:1846 DELETE FROM purchase_requests WHERE purchase_requests.id = $1::INTEGER
INFO     sqlalchemy.engine.Engine:base.py:1846 [generated in 0.00005s] (9,)
--------------------------- Captured stdout teardown ---------------------------
2026-06-07 06:43:08,352 INFO sqlalchemy.engine.Engine ROLLBACK
---------------------------- Captured log teardown -----------------------------
INFO     sqlalchemy.engine.Engine:base.py:2704 ROLLBACK
=========================== short test summary info ============================
FAILED tests/test_pr_nominee_scoping.py::test_pr_nominee_scoping_behavior - a...
============================== 1 failed in 1.75s ===============================
